  CHK     include/linux/version.h
  CC      scripts/mod/empty.o
  MKELF   scripts/mod/elfconfig.h
  HOSTCC  scripts/mod/file2alias.o
  HOSTCC  scripts/mod/sumversion.o
  HOSTCC  scripts/mod/modpost.o
  HOSTLD  scripts/mod/modpost
  CHK     include/generated/utsrelease.h
make[1]: »include/generated/mach-types.h« ist bereits aktualisiert.
  CC      kernel/bounds.s
  GEN     include/generated/bounds.h
  CC      arch/arm/kernel/asm-offsets.s
  GEN     include/generated/asm-offsets.h
  CALL    scripts/checksyscalls.sh
  CC      arch/arm/vfp/vfpmodule.o
  CC      init/main.o
  AS      usr/initramfs_data.o
  CC      arch/arm/kernel/elf.o
  LD      usr/built-in.o
  AS      arch/arm/kernel/entry-armv.o
  CHK     include/generated/compile.h
  AS      arch/arm/vfp/entry.o
  AS      arch/arm/kernel/entry-common.o
  AS      arch/arm/vfp/vfphw.o
  UPD     include/generated/compile.h
  CC      arch/arm/kernel/irq.o
  CC      arch/arm/vfp/vfpsingle.o
  CC      arch/arm/vfp/vfpdouble.o
  CC      arch/arm/kernel/process.o
  CC      init/do_mounts.o
  CC      arch/arm/kernel/ptrace.o
  LD      arch/arm/vfp/vfp.o
  LD      arch/arm/vfp/built-in.o
  CC      init/do_mounts_rd.o
  CC      arch/arm/mm/dma-mapping.o
  CC      arch/arm/mm/extable.o
  CC      arch/arm/kernel/return_address.o
  CC      arch/arm/mm/fault.o
  CC      arch/arm/kernel/setup.o
  CC      arch/arm/common/vic.o
  CC      init/do_mounts_initrd.o
  CC      arch/arm/common/pl330.o
  CC      arch/arm/mm/init.o
  CC      init/initramfs.o
  CC      arch/arm/kernel/signal.o
arch/arm/mm/init.c: In function 'mem_init':
arch/arm/mm/init.c:675: warning: format '%08lx' expects type 'long unsigned int', but argument 12 has type 'unsigned int'
  CC      arch/arm/mm/iomap.o
  CC      init/calibrate.o
  CC      arch/arm/kernel/sys_arm.o
  CC      arch/arm/mm/fault-armv.o
  AS      arch/arm/common/fiq_glue.o
  CC      init/version.o
  CC      arch/arm/kernel/stacktrace.o
  CC      arch/arm/common/fiq_glue_setup.o
  LD      init/mounts.o
  LD      init/built-in.o
  CC      arch/arm/mm/flush.o
  CC      arch/arm/kernel/time.o
  CC      arch/arm/common/fiq_debugger.o
  CC      arch/arm/mach-s5pv210/cpu.o
  CC      arch/arm/kernel/traps.o
  CC      arch/arm/mach-s5pv210/init.o
  CC      arch/arm/mm/idmap.o
arch/arm/mach-s5pv210/include/mach/system.h:18: warning: 'arch_idle' defined but not used
  CC      arch/arm/mach-s5pv210/clock.o
arch/arm/common/fiq_debugger.c: In function 'dump_kernel_log':
arch/arm/common/fiq_debugger.c:215: warning: the frame size of 1032 bytes is larger than 1024 bytes; see http://go/big_stack_frame
  LD      arch/arm/common/built-in.o
  CC      arch/arm/kernel/fiq.o
  AS      arch/arm/kernel/fiqasm.o
  CC      arch/arm/mm/ioremap.o
  CC      arch/arm/kernel/armksyms.o
  CC      arch/arm/mach-s5pv210/dma.o
  CC      arch/arm/mach-s5pv210/setup-i2c0.o
  CC      arch/arm/mm/mmap.o
  CC      arch/arm/mach-s5pv210/pm.o
  CC      arch/arm/plat-s5p/dev-pmu.o
  CC      arch/arm/kernel/module.o
  CC      arch/arm/plat-s5p/dev-uart.o
  CC      arch/arm/mm/pgd.o
  AS      arch/arm/mach-s5pv210/sleep.o
  CC      arch/arm/plat-s5p/cpu.o
  CC      arch/arm/mach-s5pv210/cpufreq.o
  AS      arch/arm/kernel/sleep.o
  CC      arch/arm/plat-s5p/clock.o
  CC      arch/arm/kernel/thumbee.o
  CC      arch/arm/mm/mmu.o
arch/arm/mach-s5pv210/cpufreq.c:180: warning: 'selective_oc' defined but not used
arch/arm/mach-s5pv210/cpufreq.c:181: warning: 'oc_low_freq' defined but not used
arch/arm/mach-s5pv210/cpufreq.c:182: warning: 'oc_high_freq' defined but not used
  CC      arch/arm/kernel/pmu.o
  CC      arch/arm/plat-s5p/irq.o
  CC      arch/arm/mach-s5pv210/power-domain.o
  CC      arch/arm/kernel/io.o
  CC      arch/arm/plat-s5p/devs.o
  CC      arch/arm/mm/vmregion.o
  CC      arch/arm/mach-s5pv210/mach-aries.o
  AS      arch/arm/kernel/head.o
  CC      arch/arm/mm/proc-syms.o
  CC      arch/arm/kernel/init_task.o
  CC      arch/arm/mm/alignment.o
  CC      arch/arm/plat-s5p/bootmem.o
arch/arm/plat-s5p/bootmem.c: In function 's5p_reserve_bootmem':
arch/arm/plat-s5p/bootmem.c:115: warning: 'mfc_paddr' may be used uninitialized in this function
arch/arm/mach-s5pv210/include/mach/system.h:18: warning: 'arch_idle' defined but not used
arch/arm/mach-s5pv210/mach-aries.c:515: warning: 'ldo4_consumer' defined but not used
arch/arm/mach-s5pv210/mach-aries.c:2001: warning: 'smdkc110_cam1_power' defined but not used
arch/arm/mach-s5pv210/mach-aries.c:2110: warning: 's5ka3dfx_vga_avdd' defined but not used
arch/arm/mach-s5pv210/mach-aries.c:2430: warning: 'i2c_devs0' defined but not used
arch/arm/mach-s5pv210/mach-aries.c:2441: warning: 'i2c_devs1' defined but not used
  CC      arch/arm/plat-s5p/reset.o
  LDS     arch/arm/kernel/vmlinux.lds
  AS      arch/arm/mm/abort-ev7.o
  LD      arch/arm/kernel/built-in.o
  CC      arch/arm/plat-samsung/init.o
  CC      arch/arm/plat-s5p/irq-eint.o
  AS      arch/arm/mm/pabort-v7.o
  AS      arch/arm/mm/cache-v7.o
  CC      arch/arm/mm/copypage-v6.o
  CC      arch/arm/plat-s5p/irq-eint-group.o
  CC      arch/arm/plat-samsung/clock.o
  CC      arch/arm/mach-s5pv210/aries-rfkill.o
  CC      arch/arm/plat-s5p/pm.o
  CC      arch/arm/mm/context.o
  CC      arch/arm/mach-s5pv210/aries-vibrator.o
  CC      arch/arm/plat-samsung/pwm-clock.o
  CC      arch/arm/plat-s5p/irq-pm.o
arch/arm/mach-s5pv210/aries-vibrator.c:67: warning: data definition has no type or storage class
arch/arm/mach-s5pv210/aries-vibrator.c:67: warning: type defaults to 'int' in declaration of 'EXPORT_SYMBOL'
arch/arm/mach-s5pv210/aries-vibrator.c:67: warning: parameter names (without types) in function declaration
  AS      arch/arm/mm/tlb-v7.o
  CC      arch/arm/mach-s5pv210/aries-btlpm.o
  AS      arch/arm/mm/proc-v7.o
  CC      arch/arm/plat-samsung/gpio.o
  CC      arch/arm/plat-s5p/dev-onenand.o
  LD      arch/arm/mm/built-in.o
  CC      arch/arm/mach-s5pv210/aries-watchdog.o
  CC      arch/arm/plat-s5p/dev-csis0.o
  CC      kernel/sched.o
  CC      arch/arm/plat-samsung/gpio-config.o
arch/arm/plat-s5p/dev-csis0.c: In function 's3c_csis_set_platdata':
arch/arm/plat-s5p/dev-csis0.c:57: warning: assignment from incompatible pointer type
  CC      arch/arm/mach-s5pv210/aries-panel.o
  CC      arch/arm/plat-s5p/setup-mipiphy.o
  CC      arch/arm/plat-samsung/dev-asocdma.o
kernel/sched.c: In function 'pick_next_task':
kernel/sched.c:4222: warning: control reaches end of non-void function
  CC      arch/arm/mach-s5pv210/dev-s1-phone.o
  CC      arch/arm/plat-samsung/clock-clksrc.o
  CC      arch/arm/plat-s5p/hr-time-rtc.o
arch/arm/mach-s5pv210/dev-s1-phone.c:75: warning: initialization makes integer from pointer without a cast
arch/arm/mach-s5pv210/dev-s1-phone.c: In function 'modemctl_cfg_gpio':
arch/arm/mach-s5pv210/dev-s1-phone.c:110: warning: unused variable 'gpio_phone_on'
  CC      arch/arm/plat-samsung/irq-uart.o
  CC      arch/arm/mach-s5pv210/level.o
  CC      arch/arm/plat-s5p/dev-mfc.o
arch/arm/mach-s5pv210/level.c:135: warning: initialization from incompatible pointer type
  CC      arch/arm/plat-samsung/irq-vic-timer.o
  CC      arch/arm/mach-s5pv210/fastchg.o
  CC      arch/arm/plat-s5p/setup-mfc.o
  CC      arch/arm/plat-samsung/platformdata.o
  CC      arch/arm/mach-s5pv210/dev-audio.o
  LD      arch/arm/plat-s5p/built-in.o
  CC      arch/arm/mach-s5pv210/dev-fiqdbg.o
  CC      arch/arm/plat-samsung/dev-hsmmc.o
  CC      arch/arm/plat-samsung/dev-hsmmc1.o
  CC      arch/arm/mach-s5pv210/adc.o
  CC      arch/arm/plat-samsung/dev-hsmmc2.o
  CC      mm/filemap.o
  CC      arch/arm/plat-samsung/dev-i2c0.o
  CC      arch/arm/mach-s5pv210/setup-fb.o
  CC      arch/arm/plat-samsung/dev-i2c1.o
  CC      arch/arm/mach-s5pv210/setup-i2c1.o
arch/arm/plat-samsung/dev-i2c1.c: In function 's3c_i2c1_force_stop':
arch/arm/plat-samsung/dev-i2c1.c:77: warning: unused variable 'ioarea'
  CC      arch/arm/plat-samsung/dev-i2c2.o
  CC      arch/arm/mach-s5pv210/setup-i2c2.o
  CC      arch/arm/mach-s5pv210/setup-sdhci.o
  CC      arch/arm/plat-samsung/dev-uart.o
  CC      arch/arm/plat-samsung/dev-wdt.o
  CC      arch/arm/plat-samsung/dev-pwm.o
  CC      arch/arm/mach-s5pv210/setup-sdhci-gpio.o
  CC      mm/mempool.o
  CC      arch/arm/plat-samsung/s3c-pl330.o
  CC      arch/arm/mach-s5pv210/setup-fimc0.o
  CC      kernel/fork.o
  CC      arch/arm/mach-s5pv210/setup-fimc1.o
  CC      mm/oom_kill.o
  CC      arch/arm/mach-s5pv210/setup-fimc2.o
  CC      arch/arm/mach-s5pv210/cpuidle.o
  CC      arch/arm/plat-samsung/pm.o
  CC      mm/fadvise.o
  CC      arch/arm/mach-s5pv210/dev-cpufreq.o
  AS      arch/arm/mach-s5pv210/didle.o
  LD      arch/arm/mach-s5pv210/built-in.o
  CC      arch/arm/plat-samsung/pm-gpio.o
  CC      kernel/exec_domain.o
  CC      mm/maccess.o
  CC      fs/open.o
  CC      mm/page_alloc.o
  CC      arch/arm/plat-samsung/pwm.o
  CC      kernel/panic.o
  LD      arch/arm/plat-samsung/built-in.o
  CC      mm/page-writeback.o
  CC      fs/read_write.o
  CC      kernel/printk.o
  CC      fs/file_table.o
  CC      fs/super.o
  CC      fs/char_dev.o
  CC      mm/readahead.o
  CC      kernel/cpu.o
  CC      mm/swap.o
  CC      kernel/exit.o
  CC      fs/stat.o
  CC      fs/exec.o
  CC      mm/truncate.o
  CC      mm/vmscan.o
  CC      kernel/itimer.o
  CC      ipc/util.o
  CC      kernel/time.o
  CC      fs/pipe.o
  CC      ipc/msgutil.o
  CC      kernel/softirq.o
  CC      mm/shmem.o
  CC      fs/namei.o
  CC      ipc/msg.o
  CC      kernel/resource.o
  CC      ipc/sem.o
  CC      kernel/sysctl.o
  CC      ipc/shm.o
  CC      fs/fcntl.o
  CC      mm/prio_tree.o
  CC      mm/util.o
  CC      ipc/ipcns_notifier.o
  CC      ipc/syscall.o
  CC      mm/mmzone.o
  CC      ipc/ipc_sysctl.o
  CC      mm/vmstat.o
  CC      kernel/sysctl_binary.o
  CC      fs/ioctl.o
  LD      ipc/built-in.o
  CC      security/commoncap.o
  CC      mm/backing-dev.o
  CC      fs/readdir.o
  CC      security/min_addr.o
  CC      kernel/capability.o
  CC      fs/select.o
  CC      mm/page_isolation.o
  LD      security/built-in.o
  CC      kernel/ptrace.o
  CC      crypto/api.o
  CC      mm/mm_init.o
  CC      mm/mmu_context.o
  CC      crypto/cipher.o
  CC      fs/fifo.o
  CC      kernel/timer.o
  CC      mm/percpu.o
  CC      crypto/compress.o
  CC      fs/dcache.o
  CC      crypto/algapi.o
  CC      kernel/user.o
  CC      kernel/signal.o
  CC      mm/fremap.o
  CC      crypto/scatterwalk.o
  CC      crypto/proc.o
  CC      mm/highmem.o
  CC      fs/inode.o
  CC      crypto/ablkcipher.o
  CC      mm/madvise.o
  CC      mm/memory.o
  CC      kernel/sys.o
  CC      crypto/blkcipher.o
  CC      fs/attr.o
  CC      mm/mincore.o
  CC      kernel/kmod.o
  CC      crypto/ahash.o
  CC      fs/bad_inode.o
  CC      mm/mlock.o
  CC      fs/file.o
  CC      crypto/shash.o
  CC      kernel/workqueue.o
  CC      fs/filesystems.o
  CC      mm/mmap.o
  CC      crypto/algboss.o
  CC      fs/namespace.o
  CC      crypto/testmgr.o
  CC      crypto/crypto_wq.o
  LD      crypto/crypto_algapi.o
  CC      crypto/aead.o
  CC      kernel/pid.o
  CC      mm/mprotect.o
  LD      crypto/crypto_blkcipher.o
  CC      crypto/chainiv.o
  CC      kernel/rcupdate.o
  CC      crypto/eseqiv.o
  CC      mm/mremap.o
  CC      fs/seq_file.o
  CC      kernel/extable.o
  CC      crypto/seqiv.o
  CC      kernel/params.o
  CC      mm/msync.o
  LD      crypto/crypto_hash.o
  CC      crypto/pcompress.o
  CC      fs/xattr.o
  LD      crypto/cryptomgr.o
  CC      crypto/hmac.o
  CC      mm/rmap.o
  CC      fs/libfs.o
  CC      kernel/posix-timers.o
  CC      crypto/vmac.o
  CC      crypto/xcbc.o
  CC      mm/vmalloc.o
  CC      crypto/md4.o
  CC      fs/fs-writeback.o
  CC      crypto/md5.o
  CC      kernel/kthread.o
  CC      crypto/rmd128.o
  CC      kernel/wait.o
  CC      fs/pnode.o
  CC      mm/pagewalk.o
  CC      crypto/rmd160.o
  CC      fs/drop_caches.o
  CC      kernel/kfifo.o
  CC      mm/pgtable-generic.o
  CC      fs/splice.o
  CC      crypto/rmd256.o
  CC      kernel/sys_ni.o
  CC      mm/init-mm.o
  CC      kernel/posix-cpu-timers.o
  CC      mm/bootmem.o
  CC      crypto/rmd320.o
mm/bootmem.c: In function 'mark_bootmem':
mm/bootmem.c:354: warning: control reaches end of non-void function
  CC      fs/sync.o
  CC      kernel/mutex.o
  CC      mm/memblock.o
fs/sync.c:25: warning: function declaration isn't a prototype
  CC      crypto/sha1_generic.o
  CC      fs/utimes.o
  CC      kernel/hrtimer.o
  CC      mm/page_io.o
  CC      crypto/sha256_generic.o
  CC      fs/stack.o
  CC      mm/swap_state.o
  CC      kernel/rwsem.o
  CC      crypto/sha512_generic.o
  CC      fs/fs_struct.o
  CC      kernel/nsproxy.o
  CC      fs/statfs.o
crypto/sha512_generic.c: In function 'sha512_transform':
crypto/sha512_generic.c:133: warning: the frame size of 1032 bytes is larger than 1024 bytes; see http://go/big_stack_frame
  CC      crypto/wp512.o
  CC      mm/swapfile.o
  CC      fs/buffer.o
  CC      kernel/srcu.o
  CC      crypto/tgr192.o
  CC      kernel/semaphore.o
  CC      crypto/gf128mul.o
  CC      kernel/notifier.o
  CC      crypto/ecb.o
  CC      kernel/ksysfs.o
  CC      crypto/cbc.o
  CC      mm/thrash.o
  CC      kernel/pm_qos_params.o
  CC      crypto/pcbc.o
  CC      mm/dmapool.o
kernel/pm_qos_params.c: In function 'pm_qos_get_value':
kernel/pm_qos_params.c:146: warning: control reaches end of non-void function
  CC      kernel/sched_clock.o
  CC      kernel/cred.o
  CC      mm/sparse.o
  CC      crypto/cts.o
  CC      mm/ashmem.o
  CC      fs/bio.o
  CC      kernel/async.o
  CC      crypto/lrw.o
  CC      mm/compaction.o
  CC      kernel/range.o
  CC      crypto/xts.o
  CC      kernel/jump_label.o
  CC      fs/block_dev.o
  CC      mm/slqb.o
  CC      kernel/groups.o
  CC      crypto/ctr.o
  CC      kernel/freezer.o
  CC      kernel/sysctl_check.o
  CC      crypto/gcm.o
  CC      fs/direct-io.o
  CC      kernel/stacktrace.o
  CC      mm/migrate.o
  CC      fs/mpage.o
  CC      kernel/irq/irqdesc.o
  CC      crypto/ccm.o
  LD      mm/built-in.o
  CC      kernel/irq/handle.o
  CC      block/elevator.o
  CC      fs/ioprio.o
  CC      kernel/irq/manage.o
  CC      crypto/cryptd.o
  LD      fs/cifs/built-in.o
  CC [M]  fs/cifs/cifsfs.o
  CC      kernel/irq/spurious.o
  CC      kernel/irq/resend.o
  CC      block/blk-core.o
  CC      crypto/des_generic.o
  CC      kernel/irq/chip.o
  CC [M]  fs/cifs/cifssmb.o
  CC      kernel/irq/dummychip.o
  CC      kernel/irq/devres.o
  CC      crypto/fcrypt.o
  CC      kernel/irq/generic-chip.o
  CC      block/blk-tag.o
  CC      crypto/blowfish.o
  CC      block/blk-sysfs.o
  CC      kernel/irq/autoprobe.o
  CC      block/blk-flush.o
  CC      kernel/irq/proc.o
  CC      crypto/twofish_generic.o
  CC      block/blk-settings.o
  CC      kernel/irq/pm.o
  CC      crypto/twofish_common.o
  LD      kernel/irq/built-in.o
  CC      kernel/power/main.o
  CC      block/blk-ioc.o
  CC      kernel/power/console.o
  CC      crypto/serpent.o
  CC      block/blk-map.o
  CC      kernel/power/process.o
  CC      block/blk-exec.o
  CC      kernel/power/suspend.o
  CC [M]  fs/cifs/cifs_debug.o
  CC      kernel/power/wakelock.o
  CC      block/blk-merge.o
  CC [M]  fs/cifs/connect.o
  CC      kernel/power/userwakelock.o
  CC      block/blk-softirq.o
  CC      kernel/power/earlysuspend.o
  CC      kernel/power/fbearlysuspend.o
  CC      crypto/aes_generic.o
  CC      block/blk-timeout.o
  CC      kernel/power/poweroff.o
  LD      kernel/power/built-in.o
  CC      kernel/time/timekeeping.o
  CC      block/blk-iopoll.o
  CC      block/blk-lib.o
  CC      kernel/time/ntp.o
  CC      block/ioctl.o
  CC      crypto/camellia.o
  CC      kernel/time/clocksource.o
  CC      block/genhd.o
  CC [M]  fs/cifs/dir.o
  CC      kernel/time/jiffies.o
  CC      kernel/time/timer_list.o
  CC      kernel/time/timecompare.o
  CC      block/scsi_ioctl.o
  CC      kernel/time/timeconv.o
  CC [M]  fs/cifs/file.o
  CC      kernel/time/posix-clock.o
  CC      crypto/cast5.o
  CC      block/noop-iosched.o
  CC      kernel/time/clockevents.o
  CC      crypto/cast6.o
  CC      block/deadline-iosched.o
  CC      kernel/time/tick-common.o
  CC      kernel/time/tick-oneshot.o
  CC      block/cfq-iosched.o
  CC      crypto/arc4.o
  CC      kernel/time/tick-sched.o
block/cfq-iosched.c: In function 'cfq_async_queue_prio':
block/cfq-iosched.c:3045: warning: control reaches end of non-void function
  CC      kernel/time/timer_stats.o
  LD      kernel/time/built-in.o
  CC      kernel/futex.o
  CC      crypto/tea.o
  CC [M]  fs/cifs/inode.o
  CC      block/sio-iosched.o
  CC      crypto/khazad.o
  CC      block/vr-iosched.o
  CC      crypto/anubis.o
  CC      kernel/rtmutex.o
  LD      block/built-in.o
  CC      crypto/seed.o
  CC      kernel/up.o
  CC [M]  fs/cifs/link.o
  CC      fs/cramfs/inode.o
  CC      kernel/uid16.o
  CC      crypto/salsa20_generic.o
  CC      kernel/module.o
  CC [M]  fs/cifs/misc.o
  CC      crypto/deflate.o
  CC      fs/cramfs/uncompress.o
  CC      crypto/zlib.o
  LD      fs/cramfs/cramfs.o
  LD      fs/cramfs/built-in.o
  CC [M]  fs/cifs/netmisc.o
  CC      crypto/michael_mic.o
  LD      drivers/auxdisplay/built-in.o
  CC      crypto/crc32c.o
  CC      drivers/base/core.o
  CC      crypto/authenc.o
  CC [M]  fs/cifs/smbencrypt.o
  CC      kernel/cgroup.o
  CC [M]  fs/cifs/transport.o
  CC      drivers/base/sys.o
  CC      crypto/authencesn.o
  CC      drivers/base/bus.o
  CC      crypto/lzo.o
  CC      crypto/rng.o
  CC [M]  fs/cifs/asn1.o
  CC      crypto/krng.o
  CC      crypto/ansi_cprng.o
  CC      drivers/base/dd.o
  CC      crypto/ghash-generic.o
  CC      crypto/af_alg.o
  CC      drivers/base/syscore.o
  CC [M]  fs/cifs/cifs_unicode.o
  CC      kernel/cgroup_freezer.o
  CC      drivers/base/driver.o
  CC      drivers/base/class.o
  CC      crypto/algif_hash.o
  CC      kernel/cgroup_timer_slack.o
  CC [M]  fs/cifs/nterr.o
kernel/cgroup_timer_slack.c:254: warning: initialization from incompatible pointer type
kernel/cgroup_timer_slack.c: In function 'tslack_read_range':
kernel/cgroup_timer_slack.c:158: warning: control reaches end of non-void function
  CC      drivers/base/platform.o
  CC      kernel/res_counter.o
  CC [M]  fs/cifs/xattr.o
  CC      kernel/rcutiny.o
  CC      crypto/algif_skcipher.o
  CC [M]  fs/cifs/cifsencrypt.o
  CC      drivers/base/cpu.o
  CC      kernel/utsname_sysctl.o
  CC      drivers/base/firmware.o
  CC      kernel/elfcore.o
  LD      kernel/built-in.o
  CC      drivers/base/init.o
  CC [M]  fs/cifs/readdir.o
  LD      crypto/crypto.o
  LD      crypto/built-in.o
  CC      drivers/block/brd.o
  CC      drivers/bluetooth/hci_ldisc.o
  CC      drivers/base/map.o
  CC      drivers/base/devres.o
  CC      drivers/block/loop.o
  CC [M]  fs/cifs/ioctl.o
  CC      drivers/bluetooth/hci_h4.o
  CC      drivers/base/attribute_container.o
  CC [M]  fs/cifs/sess.o
  LD      drivers/bluetooth/hci_uart.o
  LD      drivers/bluetooth/built-in.o
  CC [M]  fs/cifs/export.o
  CC      drivers/base/transport_class.o
  CC      drivers/base/power/sysfs.o
  LD      drivers/block/built-in.o
  CC      sound/sound_core.o
  LD      drivers/cdrom/built-in.o
  CC      drivers/char/mem.o
  CC      drivers/base/power/generic_ops.o
  LD [M]  fs/cifs/cifs.o
  CC      fs/debugfs/inode.o
  LD      sound/arm/built-in.o
  LD      sound/atmel/built-in.o
  CC      drivers/base/power/main.o
  CC      sound/core/memalloc.o
  CC      drivers/char/random.o
  CC      fs/debugfs/file.o
  CC      sound/core/pcm.o
  CC      drivers/base/power/wakeup.o
  LD      fs/debugfs/debugfs.o
  LD      fs/debugfs/built-in.o
  CC      fs/devpts/inode.o
  CC      sound/core/pcm_native.o
  CC      drivers/char/ttyprintk.o
  LD      fs/devpts/devpts.o
  LD      fs/devpts/built-in.o
  CC      fs/ext4/balloc.o
  CC      drivers/base/power/clock_ops.o
  CC      drivers/char/misc.o
  LD      drivers/base/power/built-in.o
  CC      drivers/base/dma-mapping.o
  CC      fs/ext4/bitmap.o
  CC      drivers/char/apm-emulation.o
  CC      drivers/base/dma-coherent.o
  CC      fs/ext4/dir.o
  CC      drivers/base/firmware_class.o
  CC      drivers/char/hw_random/core.o
  CC      drivers/base/module.o
  LD      drivers/char/hw_random/rng-core.o
  LD      drivers/char/hw_random/built-in.o
  LD      drivers/char/built-in.o
  AS      firmware/samsung_mfc_fw.bin.gen.o
  CC      fs/ext4/file.o
  LD      drivers/base/built-in.o
  LD      drivers/clk/built-in.o
  LD      drivers/clocksource/built-in.o
  CC      drivers/cpufreq/cpufreq.o
  LD      firmware/built-in.o
  CC      drivers/cpufreq/cpufreq_stats.o
drivers/cpufreq/cpufreq.c: In function 'store_lock_scaling_min':
drivers/cpufreq/cpufreq.c:434: warning: unused variable 'new_policy'
  CC      fs/ext4/fsync.o
  CC      sound/core/pcm_lib.o
  CC      sound/core/pcm_timer.o
  CC      drivers/cpufreq/cpufreq_performance.o
  CC      drivers/cpufreq/cpufreq_powersave.o
  CC      sound/core/pcm_misc.o
  CC      fs/ext4/ialloc.o
  CC      drivers/cpufreq/cpufreq_userspace.o
  CC      drivers/cpufreq/cpufreq_ondemand.o
  CC      sound/core/pcm_memory.o
  LD      sound/drivers/mpu401/built-in.o
  LD      sound/drivers/opl3/built-in.o
  LD      sound/drivers/opl4/built-in.o
  LD      sound/drivers/pcsp/built-in.o
  CC      fs/ext4/inode.o
  LD      sound/drivers/vx/built-in.o
  LD      sound/drivers/built-in.o
  CC      drivers/cpufreq/cpufreq_conservative.o
  CC      sound/core/timer.o
  CC      sound/core/sound.o
  CC      drivers/cpufreq/cpufreq_smartass2.o
  CC      net/socket.o
  CC      drivers/cpufreq/cpufreq_lazy.o
drivers/cpufreq/cpufreq_lazy.c: In function 'cpufreq_governor_dbs':
drivers/cpufreq/cpufreq_lazy.c:736: warning: comparison of distinct pointer types lacks a cast
  CC      drivers/cpufreq/cpufreq_lagfree.o
  CC      sound/core/init.o
  CC      drivers/cpufreq/cpufreq_minmax.o
drivers/cpufreq/cpufreq_minmax.c:67:1: warning: "CONFIG_CPU_FREQ_SAMPLING_LATENCY_MULTIPLIER" redefined
In file included from <command-line>:0:
./include/generated/autoconf.h:858:1: warning: this is the location of the previous definition
drivers/cpufreq/cpufreq_minmax.c:68:1: warning: "CONFIG_CPU_FREQ_MIN_TICKS" redefined
./include/generated/autoconf.h:778:1: warning: this is the location of the previous definition
  CC      sound/core/memory.o
  LD      net/802/built-in.o
  CC      drivers/cpufreq/cpufreq_lulzactive.o
  CC      net/bluetooth/af_bluetooth.o
  CC      sound/core/info.o
drivers/cpufreq/cpufreq_lulzactive.c: In function 'store_inc_cpu_load':
drivers/cpufreq/cpufreq_lulzactive.c:695: warning: unused variable 'ret'
drivers/cpufreq/cpufreq_lulzactive.c: In function 'store_pump_down_step':
drivers/cpufreq/cpufreq_lulzactive.c:788: warning: unused variable 'ret'
drivers/cpufreq/cpufreq_lulzactive.c: In function 'store_screen_off_min_step':
drivers/cpufreq/cpufreq_lulzactive.c:820: warning: unused variable 'ret'
  CC      net/bluetooth/hci_core.o
  CC      fs/ext4/page-io.o
  CC      drivers/cpufreq/freq_table.o
  CC      sound/core/control.o
  LD      drivers/cpufreq/built-in.o
  CC      drivers/cpuidle/cpuidle.o
  CC      drivers/cpuidle/driver.o
  CC      fs/ext4/ioctl.o
  CC      drivers/cpuidle/governor.o
  CC      drivers/cpuidle/sysfs.o
  CC      fs/ext4/namei.o
  CC      net/bluetooth/hci_conn.o
  CC      sound/core/misc.o
  CC      drivers/cpuidle/governors/ladder.o
  CC      drivers/cpuidle/governors/menu.o
  CC      sound/core/device.o
drivers/cpuidle/governors/menu.c:128: warning: 'get_loadavg' defined but not used
  LD      drivers/cpuidle/governors/built-in.o
  LD      drivers/cpuidle/built-in.o
  CC      drivers/crypto/s5p-sss.o
  CC      net/bluetooth/hci_event.o
  CC      sound/core/jack.o
  LD      drivers/crypto/built-in.o
  LD      drivers/firewire/built-in.o
  LD      sound/core/snd.o
  LD      drivers/firmware/built-in.o
  CC      fs/ext4/super.o
  LD      sound/core/snd-timer.o
  CC      drivers/gpio/gpiolib.o
  LD      sound/core/snd-pcm.o
  LD      sound/core/snd-page-alloc.o
  LD      sound/core/built-in.o
  LD      sound/firewire/built-in.o
  LD      sound/i2c/other/built-in.o
  LD      sound/i2c/built-in.o
  LD      sound/isa/ad1816a/built-in.o
  LD      sound/isa/ad1848/built-in.o
  LD      sound/isa/cs423x/built-in.o
  LD      sound/isa/es1688/built-in.o
  LD      sound/isa/galaxy/built-in.o
  LD      sound/isa/gus/built-in.o
  LD      sound/isa/msnd/built-in.o
  LD      sound/isa/opti9xx/built-in.o
  LD      sound/isa/sb/built-in.o
  LD      sound/isa/wavefront/built-in.o
  LD      sound/isa/wss/built-in.o
  CC      drivers/gpio/gpio-plat-samsung.o
  LD      sound/isa/built-in.o
  LD      sound/mips/built-in.o
  LD      sound/parisc/built-in.o
  LD      sound/pci/ac97/built-in.o
  LD      sound/pci/ali5451/built-in.o
  LD      sound/pci/asihpi/built-in.o
  LD      sound/pci/au88x0/built-in.o
  LD      sound/pci/aw2/built-in.o
  LD      sound/pci/ca0106/built-in.o
  LD      sound/pci/cs46xx/built-in.o
  LD      sound/pci/cs5535audio/built-in.o
  LD      sound/pci/ctxfi/built-in.o
  LD      sound/pci/echoaudio/built-in.o
  LD      sound/pci/emu10k1/built-in.o
  LD      sound/pci/hda/built-in.o
  LD      sound/pci/ice1712/built-in.o
  LD      sound/pci/korg1212/built-in.o
  CC      drivers/gpio/gpio-s5pv210.o
  LD      sound/pci/lola/built-in.o
  LD      sound/pci/lx6464es/built-in.o
  LD      sound/pci/mixart/built-in.o
  LD      sound/pci/nm256/built-in.o
  LD      sound/pci/oxygen/built-in.o
  LD      sound/pci/pcxhr/built-in.o
  LD      sound/pci/riptide/built-in.o
  LD      drivers/gpio/built-in.o
  LD      sound/pci/rme9652/built-in.o
  LD      drivers/gpu/drm/i2c/built-in.o
  LD      sound/pci/trident/built-in.o
  LD      drivers/gpu/drm/built-in.o
  LD      sound/pci/vx222/built-in.o
  LD      drivers/gpu/ion/built-in.o
  LD      sound/pci/ymfpci/built-in.o
  LD      sound/pci/built-in.o
  CC      drivers/gpu/pvr/osfunc.o
  LD      sound/pcmcia/pdaudiocf/built-in.o
  LD      sound/pcmcia/vx/built-in.o
  LD      sound/pcmcia/built-in.o
  LD      sound/ppc/built-in.o
  LD      sound/sh/built-in.o
  CC      sound/soc/soc-core.o
  CC      net/bluetooth/mgmt.o
  CC      drivers/gpu/pvr/mutils.o
  CC      fs/ext4/symlink.o
  CC      drivers/gpu/pvr/mmap.o
  CC      fs/ext4/hash.o
  CC      drivers/gpu/pvr/module.o
  CC      fs/ext4/resize.o
  CC      drivers/gpu/pvr/pdump.o
  CC      sound/soc/soc-dapm.o
  CC      drivers/gpu/pvr/proc.o
  CC      net/bluetooth/hci_sock.o
  CC      drivers/gpu/pvr/pvr_bridge_k.o
  CC      fs/ext4/extents.o
  CC      drivers/gpu/pvr/pvr_debug.o
  CC      drivers/gpu/pvr/mm.o
  CC      net/bluetooth/hci_sysfs.o
  CC      sound/soc/soc-jack.o
  CC      drivers/gpu/pvr/mutex.o
  CC      drivers/gpu/pvr/event.o
  CC      sound/soc/soc-cache.o
  CC      net/bluetooth/lib.o
  CC      drivers/gpu/pvr/osperproc.o
sound/soc/soc-cache.c: In function 'snd_soc_hw_bulk_write_raw':
sound/soc/soc-cache.c:326: warning: 'ret' may be used uninitialized in this function
  CC      drivers/gpu/pvr/buffer_manager.o
  CC      sound/soc/soc-utils.o
  CC      net/bluetooth/l2cap_core.o
  CC      fs/ext4/ext4_jbd2.o
  LD      sound/soc/atmel/built-in.o
  LD      sound/soc/au1x/built-in.o
  LD      sound/soc/blackfin/built-in.o
  CC      sound/soc/codecs/wm8994_samsung.o
  CC      fs/ext4/migrate.o
  CC      drivers/gpu/pvr/devicemem.o
sound/soc/codecs/wm8994_samsung.c: In function 'wm8994_get_fmradio_path':
sound/soc/codecs/wm8994_samsung.c:447: warning: unused variable 'pathnum'
sound/soc/codecs/wm8994_samsung.c: In function 'wm8994_init':
sound/soc/codecs/wm8994_samsung.c:3202: warning: label 'pcm_err' defined but not used
sound/soc/codecs/wm8994_samsung.c: At top level:
sound/soc/codecs/wm8994_samsung.c:990: warning: 'wm8994_set_bias_level' defined but not used
sound/soc/codecs/wm8994_samsung.c:1310: warning: 'wm8994_digital_mute' defined but not used
  CC      fs/ext4/mballoc.o
  CC      sound/soc/codecs/wm8994_herring.o
  CC      drivers/gpu/pvr/deviceclass.o
sound/soc/codecs/wm8994_herring.c:492: warning: excess elements in array initializer
sound/soc/codecs/wm8994_herring.c:492: warning: (near initialization for 'cdma_voicecall_gain_table')
sound/soc/codecs/wm8994_herring.c:497: warning: excess elements in array initializer
sound/soc/codecs/wm8994_herring.c:497: warning: (near initialization for 'cdma_voicecall_gain_table')
sound/soc/codecs/wm8994_herring.c:502: warning: excess elements in array initializer
sound/soc/codecs/wm8994_herring.c:502: warning: (near initialization for 'cdma_voicecall_gain_table')
sound/soc/codecs/wm8994_herring.c:507: warning: excess elements in array initializer
sound/soc/codecs/wm8994_herring.c:507: warning: (near initialization for 'cdma_voicecall_gain_table')
sound/soc/codecs/wm8994_herring.c:512: warning: excess elements in array initializer
sound/soc/codecs/wm8994_herring.c:512: warning: (near initialization for 'cdma_voicecall_gain_table')
sound/soc/codecs/wm8994_herring.c:517: warning: excess elements in array initializer
sound/soc/codecs/wm8994_herring.c:517: warning: (near initialization for 'cdma_voicecall_gain_table')
sound/soc/codecs/wm8994_herring.c:522: warning: excess elements in array initializer
sound/soc/codecs/wm8994_herring.c:522: warning: (near initialization for 'cdma_voicecall_gain_table')
sound/soc/codecs/wm8994_herring.c: In function 'wm8994_disable_fmradio_path':
sound/soc/codecs/wm8994_herring.c:4186: warning: unused variable 'wm8994'
  CC      drivers/gpu/pvr/handle.o
  CC      net/bluetooth/l2cap_sock.o
  CC      sound/soc/codecs/wm8994_extensions.o
  CC      drivers/gpu/pvr/hash.o
  CC      drivers/gpu/pvr/metrics.o
  CC      net/bluetooth/smp.o
  CC      drivers/gpu/pvr/pvrsrv.o
  CC      net/bluetooth/sco.o
  LD      sound/soc/codecs/snd-soc-wm8994-samsung.o
  LD      sound/soc/codecs/built-in.o
  LD      sound/soc/davinci/built-in.o
  LD      sound/soc/ep93xx/built-in.o
  LD      sound/soc/fsl/built-in.o
  CC      drivers/gpu/pvr/queue.o
  CC      fs/ext4/block_validity.o
  LD      sound/soc/imx/built-in.o
  LD      sound/soc/jz4740/built-in.o
  LD      sound/soc/kirkwood/built-in.o
  LD      sound/soc/mid-x86/built-in.o
  LD      sound/soc/nuc900/built-in.o
  LD      sound/soc/omap/built-in.o
  LD      sound/soc/pxa/built-in.o
  LD      sound/soc/s6000/built-in.o
  CC      fs/ext4/move_extent.o
  CC      sound/soc/samsung/herring-wm8994.o
  CC      drivers/gpu/pvr/ra.o
  CC      net/bluetooth/bnep/core.o
  CC      sound/soc/samsung/dma.o
  CC      drivers/gpu/pvr/resman.o
  CC      fs/ext4/mmp.o
  CC      drivers/gpu/pvr/power.o
  CC      sound/soc/samsung/s3c-dma-wrapper.o
  LD      fs/ext4/ext4.o
  LD      fs/ext4/built-in.o
  CC      net/bluetooth/bnep/sock.o
  CC      fs/fat/cache.o
  CC      drivers/gpu/pvr/mem.o
  CC      sound/soc/samsung/s5pc1xx-i2s.o
  CC      fs/fat/dir.o
  CC      drivers/gpu/pvr/pdump_common.o
  CC      net/bluetooth/bnep/netdev.o
sound/soc/samsung/s5pc1xx-i2s.c: In function 's5p_i2sv5_register_dai':
sound/soc/samsung/s5pc1xx-i2s.c:916: warning: initialization discards qualifiers from pointer target type
  CC      drivers/gpu/pvr/bridged_support.o
  CC      drivers/gpu/pvr/bridged_pvr_bridge.o
  CC      sound/soc/samsung/s3c-idma.o
  LD      net/bluetooth/bnep/bnep.o
  LD      net/bluetooth/bnep/built-in.o
  CC      net/bluetooth/hidp/core.o
fs/fat/dir.c: In function 'fat_add_entries':
fs/fat/dir.c:43: warning: 'de' may be used uninitialized in this function
fs/fat/dir.c:1243: note: 'de' was declared here
  CC      fs/fat/fatent.o
  CC      sound/soc/samsung/s5p-i2s_sec.o
  CC      net/bluetooth/hidp/sock.o
  CC      drivers/gpu/pvr/perproc.o
  LD      sound/soc/samsung/snd-soc-herring-wm8994.o
  LD      sound/soc/samsung/snd-soc-s3c24xx.o
  CC      fs/fat/file.o
  LD      sound/soc/samsung/snd-soc-s5pc1xx-i2s.o
  LD      sound/soc/samsung/built-in.o
  CC      drivers/gpu/pvr/lists.o
  LD      sound/soc/sh/built-in.o
  LD      sound/soc/tegra/built-in.o
  LD      net/bluetooth/hidp/hidp.o
  LD      net/bluetooth/hidp/built-in.o
  CC      net/bluetooth/rfcomm/core.o
  LD      sound/soc/txx9/built-in.o
  LD      sound/soc/snd-soc-core.o
  CC      drivers/gpu/pvr/refcount.o
  LD      sound/soc/built-in.o
  LD      sound/sparc/built-in.o
  LD      sound/spi/built-in.o
  LD      sound/synth/built-in.o
  CC      drivers/gpu/pvr/sgx/bridged_sgx_bridge.o
  LD      sound/usb/6fire/built-in.o
  LD      sound/usb/caiaq/built-in.o
  LD      sound/usb/misc/built-in.o
  LD      sound/usb/usx2y/built-in.o
  CC      fs/fat/inode.o
  LD      sound/usb/built-in.o
  CC      sound/last.o
  CC      drivers/gpu/pvr/sgx/sgxinit.o
  LD      sound/soundcore.o
  LD      sound/built-in.o
  CC      drivers/gpu/pvr/sgx/sgxpower.o
  CC      fs/fat/misc.o
  CC      net/bluetooth/rfcomm/sock.o
  CC      net/bluetooth/rfcomm/tty.o
  CC      fs/fat/namei_msdos.o
  CC      drivers/gpu/pvr/sgx/sgxreset.o
  CC      drivers/gpu/pvr/sgx/sgxutils.o
  CC      fs/fat/namei_vfat.o
  CC      drivers/gpu/pvr/sgx/sgxkick.o
  CC      drivers/gpu/pvr/sgx/sgxtransfer.o
  LD      net/bluetooth/rfcomm/rfcomm.o
  LD      net/bluetooth/rfcomm/built-in.o
  LD      net/bluetooth/bluetooth.o
  LD      net/bluetooth/built-in.o
  LD      fs/fuse/built-in.o
  CC      net/core/sock.o
  CC [M]  fs/fuse/dev.o
  CC      drivers/gpu/pvr/sgx/mmu.o
  LD      fs/fat/fat.o
  LD      fs/fat/vfat.o
  LD      fs/fat/msdos.o
  LD      fs/fat/built-in.o
  CC      drivers/gpu/pvr/sgx/pb.o
  CC      net/core/request_sock.o
  CC      drivers/gpu/pvr/s5pc110/sysconfig.o
  LD      drivers/gpu/stub/built-in.o
  CC [M]  fs/fuse/dir.o
  CC      drivers/hid/hid-lg.o
  CC      drivers/gpu/pvr/s5pc110/sysutils.o
  CC      drivers/gpu/pvr/s3c_lcd/s3c_displayclass.o
  CC      net/core/skbuff.o
  CC      drivers/hid/hid-lgff.o
  CC      drivers/hid/hid-lg2ff.o
  CC      drivers/gpu/pvr/s3c_lcd/s3c_lcd.o
  CC [M]  fs/fuse/file.o
  CC      drivers/hid/hid-lg3ff.o
  LD      drivers/gpu/pvr/pvrsrvkm.o
  LD      drivers/gpu/pvr/s3c_lcd.o
  LD      drivers/gpu/pvr/built-in.o
  LD      drivers/gpu/vga/built-in.o
  LD      drivers/gpu/built-in.o
  CC      drivers/hid/hid-lg4ff.o
  CC      drivers/hid/hid-debug.o
  CC      net/ethernet/eth.o
  CC      drivers/hid/hid-core.o
  CC      net/core/iovec.o
  LD      net/ethernet/built-in.o
  CC      net/core/datagram.o
  CC [M]  fs/fuse/inode.o
  CC      net/ipv4/route.o
  CC      drivers/hid/hid-input.o
  CC      net/core/stream.o
  CC [M]  fs/fuse/control.o
  LD [M]  fs/fuse/fuse.o
  CC      fs/jbd2/transaction.o
  CC      net/core/scm.o
  CC      fs/jbd2/commit.o
  CC      net/core/gen_stats.o
  CC      net/ipv4/inetpeer.o
  CC      net/core/gen_estimator.o
  CC      fs/jbd2/recovery.o
  CC      drivers/hid/hid-a4tech.o
  CC      net/ipv4/protocol.o
  CC      drivers/hid/hid-axff.o
  CC      net/core/net_namespace.o
  CC      net/ipv4/ip_input.o
  CC      fs/jbd2/checkpoint.o
  CC      drivers/hid/hid-apple.o
  CC      net/core/secure_seq.o
  CC      net/ipv4/ip_fragment.o
  CC      fs/jbd2/revoke.o
  CC      drivers/hid/hid-belkin.o
  CC      net/core/sysctl_net_core.o
  CC      drivers/hid/hid-cherry.o
  CC      fs/jbd2/journal.o
  CC      drivers/hid/hid-chicony.o
  CC      net/ipv4/ip_forward.o
  CC      net/core/dev.o
  CC      drivers/hid/hid-cypress.o
  CC      drivers/hid/hid-dr.o
  CC      net/ipv4/ip_options.o
  CC      drivers/hid/hid-emsff.o
  LD      fs/jbd2/jbd2.o
  LD      fs/jbd2/built-in.o
  CC      fs/nls/nls_base.o
  CC      drivers/hid/hid-elecom.o
  CC      net/ipv4/ip_output.o
  CC      drivers/hid/hid-ezkey.o
  CC      fs/nls/nls_cp437.o
  CC      fs/nls/nls_ascii.o
  CC      drivers/hid/hid-gyration.o
  CC      fs/nls/nls_iso8859-1.o
  CC      fs/nls/nls_utf8.o
  CC      net/core/ethtool.o
  CC      drivers/hid/hid-kensington.o
  LD      fs/nls/built-in.o
  CC      fs/notify/fsnotify.o
  CC      drivers/hid/hid-keytouch.o
net/core/ethtool.c: In function 'ethtool_get_feature_mask':
net/core/ethtool.c:446: warning: control reaches end of non-void function
  CC      drivers/hid/hid-kye.o
  CC      fs/notify/notification.o
  CC      net/ipv4/ip_sockglue.o
  CC      drivers/hid/hid-lcpower.o
  CC      fs/notify/group.o
  LD      drivers/hid/hid-logitech.o
  CC      drivers/hid/hid-magicmouse.o
  CC      fs/notify/inode_mark.o
  CC      net/core/dev_addr_lists.o
  CC      drivers/hid/hid-microsoft.o
  CC      fs/notify/mark.o
  CC      net/ipv4/inet_hashtables.o
  CC      fs/notify/vfsmount_mark.o
  CC      drivers/hid/hid-monterey.o
  LD      fs/notify/dnotify/built-in.o
  LD      fs/notify/fanotify/built-in.o
  CC      fs/notify/inotify/inotify_fsnotify.o
  CC      net/core/dst.o
  CC      drivers/hid/hid-multitouch.o
  CC      net/ipv4/inet_timewait_sock.o
  CC      fs/notify/inotify/inotify_user.o
  CC      drivers/hid/hid-ntrig.o
  CC      net/core/netevent.o
  CC      net/ipv4/inet_connection_sock.o
  LD      fs/notify/inotify/built-in.o
  LD      fs/notify/built-in.o
  CC      fs/partitions/check.o
  CC      net/core/neighbour.o
  CC      drivers/hid/hid-ortek.o
  CC      drivers/hid/hid-quanta.o
  CC      net/ipv4/tcp.o
  CC      fs/partitions/msdos.o
  CC      drivers/hid/hid-pl.o
  CC      drivers/hid/hid-petalynx.o
  CC      drivers/hid/hid-picolcd.o
net/ipv4/tcp.c: In function 'tcp_nuke_addr':
include/net/ipv6.h:338: warning: 'in6' may be used uninitialized in this function
net/ipv4/tcp.c:3357: note: 'in6' was declared here
  CC      fs/partitions/efi.o
  CC      net/ipv4/tcp_input.o
  CC      drivers/hid/hid-roccat.o
  CC      net/core/rtnetlink.o
  LD      fs/partitions/built-in.o
  CC      fs/proc/mmu.o
  CC      drivers/hid/hid-roccat-common.o
  CC      drivers/hid/hid-roccat-arvo.o
  CC      fs/proc/task_mmu.o
  CC      drivers/hid/hid-roccat-kone.o
  CC      drivers/hid/hid-roccat-koneplus.o
  CC      fs/proc/inode.o
  CC      net/core/utils.o
  CC      drivers/hid/hid-roccat-kovaplus.o
  CC      fs/proc/root.o
  CC      drivers/hid/hid-roccat-pyra.o
  CC      net/core/link_watch.o
  CC      fs/proc/base.o
  CC      net/ipv4/tcp_output.o
  CC      net/core/filter.o
  CC      drivers/hid/hid-samsung.o
  CC      drivers/hid/hid-sjoy.o
  CC      net/core/flow.o
  CC      drivers/hid/hid-sony.o
  CC      net/ipv4/tcp_timer.o
  CC      drivers/hid/hid-sunplus.o
  CC      net/core/net-sysfs.o
  CC      fs/proc/generic.o
  CC      drivers/hid/hid-gaff.o
  CC      net/ipv4/tcp_ipv4.o
  CC      drivers/hid/hid-tmff.o
  CC      fs/proc/array.o
  CC      net/core/fib_rules.o
  CC      drivers/hid/hid-topseed.o
  CC      fs/proc/proc_tty.o
  CC      drivers/hid/hid-twinhan.o
  CC      fs/proc/cmdline.o
  LD      net/core/built-in.o
  CC      drivers/hid/hid-uclogic.o
  CC      net/ipv4/tcp_minisocks.o
  CC      fs/proc/consoles.o
  CC      net/ipv6/af_inet6.o
  CC      drivers/hid/hid-zpff.o
  CC      fs/proc/cpuinfo.o
  CC      net/ipv4/tcp_cong.o
  CC      fs/proc/devices.o
  CC      fs/proc/interrupts.o
  CC      drivers/hid/hid-zydacron.o
  CC      fs/proc/loadavg.o
  CC      drivers/hid/hid-wacom.o
  CC      fs/proc/meminfo.o
  CC      net/ipv6/anycast.o
  CC      net/ipv4/datagram.o
  CC      drivers/hid/hid-waltop.o
  CC      fs/proc/stat.o
  CC      net/ipv4/raw.o
  CC      net/ipv6/ip6_output.o
  CC      drivers/hid/usbhid/hid-core.o
  CC      fs/proc/uptime.o
  CC      fs/proc/version.o
  CC      fs/proc/softirqs.o
  CC      fs/proc/namespaces.o
  CC      net/ipv4/udp.o
  CC      fs/proc/proc_sysctl.o
  CC      drivers/hid/usbhid/hid-quirks.o
  LD      drivers/hid/usbhid/usbhid.o
  CC      fs/proc/proc_net.o
  LD      drivers/hid/usbhid/built-in.o
  LD      drivers/hid/hid.o
  LD      drivers/hid/built-in.o
  CC      drivers/i2c/i2c-boardinfo.o
  CC      fs/proc/kmsg.o
  CC      net/ipv6/ip6_input.o
  CC      drivers/i2c/i2c-core.o
  CC      fs/proc/page.o
  CC      net/ipv4/udplite.o
  LD      fs/proc/proc.o
  LD      fs/proc/built-in.o
  LD      fs/quota/built-in.o
  CC      fs/ramfs/inode.o
  CC      net/ipv6/addrconf.o
  CC      fs/ramfs/file-mmu.o
  LD      fs/ramfs/ramfs.o
  LD      fs/ramfs/built-in.o
  CC      net/ipv4/arp.o
  CC      drivers/i2c/i2c-dev.o
  CC      fs/romfs/storage.o
  CC      drivers/i2c/algos/i2c-algo-bit.o
  CC      fs/romfs/super.o
  LD      drivers/i2c/algos/built-in.o
  CC      drivers/i2c/busses/i2c-gpio.o
  CC      net/ipv4/icmp.o
  LD      fs/romfs/romfs.o
  LD      fs/romfs/built-in.o
  CC      drivers/i2c/busses/i2c-s3c2410.o
  CC      fs/sysfs/inode.o
  CC      fs/sysfs/file.o
  LD      drivers/i2c/busses/built-in.o
  LD      drivers/i2c/muxes/built-in.o
  LD      drivers/i2c/built-in.o
  LD      drivers/idle/built-in.o
  LD      drivers/ieee802154/built-in.o
  CC      drivers/input/input.o
  CC      net/ipv4/devinet.o
  CC      fs/sysfs/dir.o
fs/sysfs/dir.c:414: warning: 'sysfs_pathname' defined but not used
  CC      net/ipv6/addrlabel.o
  CC      fs/sysfs/symlink.o
  CC      net/ipv6/route.o
  CC      fs/sysfs/mount.o
  CC      drivers/input/input-compat.o
  CC      net/ipv4/af_inet.o
  CC      drivers/input/input-mt.o
  CC      fs/sysfs/bin.o
  CC      drivers/input/ff-core.o
  CC      fs/sysfs/group.o
  CC      net/ipv4/igmp.o
  CC      drivers/input/ff-memless.o
  LD      fs/sysfs/built-in.o
  CC      fs/sysv/ialloc.o
  CC      net/ipv6/ip6_fib.o
  CC      drivers/input/mousedev.o
  CC      fs/sysv/balloc.o
  CC      drivers/input/evdev.o
  CC      fs/sysv/inode.o
  CC      net/ipv6/ipv6_sockglue.o
  CC      drivers/input/joystick/xpad.o
  CC      fs/sysv/itree.o
  CC      net/ipv4/fib_frontend.o
  CC      net/ipv6/ndisc.o
  LD      drivers/input/joystick/built-in.o
  CC      drivers/input/keyboard/cypress-touchkey.o
  CC      fs/sysv/file.o
drivers/input/keyboard/cypress-touchkey.c:159: warning: function declaration isn't a prototype
  CC      fs/sysv/dir.o
  CC      net/ipv4/fib_semantics.o
  CC      drivers/input/keyboard/cypress-touchkey-firmware.o
  LD      drivers/input/keyboard/built-in.o
  CC      fs/sysv/namei.o
  CC      net/ipv6/udp.o
  CC      drivers/input/misc/bma023.o
drivers/input/misc/bma023.c: In function 'bma023_measure':
drivers/input/misc/bma023.c:323: warning: unused variable 'filtered_data'
drivers/input/misc/bma023.c: At top level:
drivers/input/misc/bma023.c:873: warning: initialization from incompatible pointer type
drivers/input/misc/bma023.c:200: warning: 'filter_filter' defined but not used
  CC      net/ipv4/fib_trie.o
  CC      fs/sysv/super.o
  CC      drivers/input/misc/yas529.o
  CC      fs/sysv/symlink.o
  LD      fs/sysv/sysv.o
  LD      fs/sysv/built-in.o
  CC      fs/yaffs2/yaffs_ecc.o
  CC      net/ipv6/udplite.o
  CC      net/ipv4/inet_fragment.o
  CC      net/ipv6/raw.o
  CC      fs/yaffs2/yaffs_vfs.o
  CC      drivers/input/misc/gp2a.o
  CC      net/ipv4/ping.o
  CC      drivers/input/misc/orientation.o
  CC      drivers/input/misc/gpio_event.o
  CC      net/ipv6/protocol.o
  CC      drivers/input/misc/gpio_matrix.o
  CC      net/ipv4/sysctl_net_ipv4.o
  CC      net/ipv6/icmp.o
  CC      drivers/input/misc/gpio_input.o
  CC      fs/yaffs2/yaffs_guts.o
  CC      net/ipv4/sysfs_net_ipv4.o
  CC      drivers/input/misc/gpio_output.o
  CC      drivers/input/misc/gpio_axis.o
  CC      net/ipv4/proc.o
  CC      drivers/input/misc/keychord.o
  CC      net/ipv6/mcast.o
  CC      drivers/input/misc/uinput.o
  LD      drivers/input/misc/built-in.o
  CC      drivers/input/tablet/acecad.o
  CC      net/ipv4/fib_rules.o
  CC      drivers/input/tablet/aiptek.o
  CC      fs/yaffs2/yaffs_checkptrw.o
  CC      fs/yaffs2/yaffs_packedtags1.o
  CC      drivers/input/tablet/gtco.o
  CC      fs/yaffs2/yaffs_packedtags2.o
  CC      net/ipv4/esp4.o
  CC      fs/yaffs2/yaffs_nand.o
  CC      drivers/input/tablet/hanwang.o
  CC      fs/yaffs2/yaffs_tagscompat.o
  CC      net/ipv4/tunnel4.o
  CC      fs/yaffs2/yaffs_tagsvalidity.o
  CC      net/ipv6/reassembly.o
  CC      drivers/input/tablet/kbtab.o
  CC      fs/yaffs2/yaffs_mtdif.o
  CC      fs/yaffs2/yaffs_mtdif1.o
  CC      net/ipv4/xfrm4_mode_transport.o
  CC      drivers/input/tablet/wacom_wac.o
  CC      fs/yaffs2/yaffs_mtdif2.o
  CC      net/ipv4/xfrm4_mode_tunnel.o
  CC      net/ipv6/tcp_ipv6.o
  CC      fs/yaffs2/yaffs_nameval.o
  CC      fs/yaffs2/yaffs_attribs.o
  CC      drivers/input/tablet/wacom_sys.o
  CC      net/ipv4/netfilter.o
  CC      fs/yaffs2/yaffs_allocator.o
  CC      fs/yaffs2/yaffs_yaffs1.o
  LD      drivers/input/tablet/wacom.o
  LD      drivers/input/tablet/built-in.o
  CC      net/ipv4/netfilter/nf_nat_rule.o
  CC      drivers/input/touchscreen/mxt224.o
  CC      fs/yaffs2/yaffs_yaffs2.o
  CC      net/ipv6/exthdrs.o
  CC      net/ipv4/netfilter/nf_nat_standalone.o
  LD      drivers/input/touchscreen/built-in.o
  LD      drivers/input/input-core.o
  LD      drivers/input/built-in.o
  CC      drivers/input/serio/serio.o
  CC      fs/yaffs2/yaffs_bitmap.o
  CC      net/ipv4/netfilter/nf_conntrack_l3proto_ipv4_compat.o
  CC      fs/yaffs2/yaffs_verify.o
  CC      drivers/input/serio/serport.o
  CC      net/ipv6/datagram.o
  CC      drivers/input/serio/libps2.o
  LD      fs/yaffs2/yaffs.o
  LD      fs/yaffs2/built-in.o
  CC      fs/eventpoll.o
  CC      net/ipv4/netfilter/nf_conntrack_l3proto_ipv4.o
  CC      net/ipv6/ip6_flowlabel.o
  LD      drivers/input/serio/built-in.o
  LD      drivers/leds/built-in.o
  LD      drivers/lguest/built-in.o
  CC      net/ipv4/netfilter/nf_conntrack_proto_icmp.o
  LD      drivers/macintosh/built-in.o
  CC      drivers/md/dm-uevent.o
  CC      fs/anon_inodes.o
  CC      fs/signalfd.o
  CC      drivers/md/dm.o
  CC      net/ipv6/inet6_connection_sock.o
  CC      net/ipv4/netfilter/nf_nat_core.o
  CC      fs/timerfd.o
  CC      net/ipv6/sysctl_net_ipv6.o
  CC      net/ipv6/xfrm6_policy.o
  CC      net/ipv4/netfilter/nf_nat_helper.o
  CC      fs/eventfd.o
  CC      drivers/md/dm-table.o
  CC      fs/locks.o
  CC      net/ipv6/xfrm6_state.o
  CC      net/ipv4/netfilter/nf_nat_proto_unknown.o
  CC      drivers/md/dm-target.o
  CC      net/ipv6/xfrm6_input.o
  CC      net/ipv4/netfilter/nf_nat_proto_common.o
  CC      drivers/md/dm-linear.o
  CC      fs/binfmt_script.o
  CC      net/ipv4/netfilter/nf_nat_proto_tcp.o
  CC      net/ipv6/xfrm6_output.o
  CC      fs/binfmt_elf.o
  CC      drivers/md/dm-stripe.o
  CC      net/ipv6/netfilter.o
  CC      drivers/md/dm-ioctl.o
  CC      net/ipv4/netfilter/nf_nat_proto_udp.o
  CC      net/ipv6/fib6_rules.o
  CC      net/ipv4/netfilter/nf_nat_proto_icmp.o
  CC      net/ipv6/proc.o
  CC      fs/posix_acl.o
  CC      drivers/md/dm-io.o
  CC      net/ipv4/netfilter/nf_defrag_ipv4.o
  CC      net/ipv6/ah6.o
  CC      fs/xattr_acl.o
  CC      drivers/md/dm-kcopyd.o
  CC      fs/generic_acl.o
  CC      net/ipv4/netfilter/nf_nat_amanda.o
  CC      drivers/md/dm-sysfs.o
  CC      net/ipv6/esp6.o
  LD      fs/built-in.o
  CC      net/ipv4/netfilter/nf_nat_ftp.o
  CC      drivers/md/dm-crypt.o
  LD      arch/arm/lib/built-in.o
  AS      arch/arm/lib/ashldi3.o
  AS      arch/arm/lib/ashrdi3.o
  AS      arch/arm/lib/backtrace.o
  AS      arch/arm/lib/changebit.o
  CC      net/ipv6/ipcomp6.o
  AS      arch/arm/lib/clear_user.o
  CC      net/ipv4/netfilter/nf_nat_h323.o
  AS      arch/arm/lib/clearbit.o
  AS      arch/arm/lib/copy_from_user.o
  AS      arch/arm/lib/copy_page.o
  AS      arch/arm/lib/copy_to_user.o
  LD      drivers/md/dm-mod.o
  LD      drivers/md/built-in.o
  AS      arch/arm/lib/csumipv6.o
  CC      net/ipv6/xfrm6_tunnel.o
  LD      drivers/media/common/tuners/built-in.o
  AS      arch/arm/lib/csumpartial.o
  LD      drivers/media/common/built-in.o
  AS      arch/arm/lib/csumpartialcopy.o
  CC      drivers/media/radio/si4709/radio-si4709_dev.o
  AS      arch/arm/lib/csumpartialcopyuser.o
  AS      arch/arm/lib/delay.o
  AS      arch/arm/lib/div64.o
drivers/media/radio/si4709/radio-si4709_dev.c:2412: warning: 'wait_RDS' defined but not used
drivers/media/radio/si4709/radio-si4709_dev.c:2513: warning: 'insert_preset' defined but not used
  CC      net/ipv4/netfilter/nf_nat_irc.o
  AS      arch/arm/lib/findbit.o
  AS      arch/arm/lib/getuser.o
  CC      net/ipv6/tunnel6.o
  AS      arch/arm/lib/io-readsb.o
  AS      arch/arm/lib/io-readsl.o
  CC      drivers/media/radio/si4709/radio-si4709_i2c_drv.o
  AS      arch/arm/lib/io-readsw-armv4.o
  CC      net/ipv4/netfilter/nf_nat_pptp.o
  AS      arch/arm/lib/io-writesb.o
  AS      arch/arm/lib/io-writesl.o
  CC      drivers/media/radio/si4709/radio-si4709_main.o
  AS      arch/arm/lib/io-writesw-armv4.o
  CC      net/ipv6/xfrm6_mode_transport.o
drivers/media/radio/si4709/radio-si4709_main.c:52: warning: initialization from incompatible pointer type
  AS      arch/arm/lib/lib1funcs.o
  AS      arch/arm/lib/lshrdi3.o
  AS      arch/arm/lib/memchr.o
  CC      net/ipv4/netfilter/nf_nat_tftp.o
  LD      drivers/media/radio/si4709/radio-si4709-i2c.o
  LD      drivers/media/radio/si4709/built-in.o
  AS      arch/arm/lib/memcpy.o
  LD      drivers/media/radio/built-in.o
  CC      net/ipv6/xfrm6_mode_tunnel.o
  AS      arch/arm/lib/memmove.o
  AS      arch/arm/lib/memset.o
  CC      drivers/media/rc/keymaps/rc-adstech-dvb-t-pci.o
  CC      net/ipv4/netfilter/nf_nat_proto_dccp.o
  CC      drivers/media/rc/keymaps/rc-alink-dtu-m.o
  AS      arch/arm/lib/memzero.o
  CC      net/ipv6/xfrm6_mode_beet.o
  AS      arch/arm/lib/muldi3.o
  AS      arch/arm/lib/putuser.o
  CC      drivers/media/rc/keymaps/rc-anysee.o
  AS      arch/arm/lib/setbit.o
  AS      arch/arm/lib/strchr.o
  CC      net/ipv6/mip6.o
  CC      net/ipv4/netfilter/nf_nat_proto_gre.o
  CC      drivers/media/rc/keymaps/rc-apac-viewcomp.o
  AS      arch/arm/lib/strncpy_from_user.o
  AS      arch/arm/lib/strnlen_user.o
  AS      arch/arm/lib/strrchr.o
  CC      drivers/media/rc/keymaps/rc-asus-pc39.o
  AS      arch/arm/lib/testchangebit.o
  CC      net/ipv4/netfilter/nf_nat_proto_udplite.o
  AS      arch/arm/lib/testclearbit.o
  CC      drivers/media/rc/keymaps/rc-ati-tv-wonder-hd-600.o
  AS      arch/arm/lib/testsetbit.o
  CC      net/ipv6/netfilter/ip6_tables.o
  CC      drivers/media/rc/keymaps/rc-avermedia-a16d.o
  AS      arch/arm/lib/ucmpdi2.o
  AR      arch/arm/lib/lib.a
  CC      drivers/media/rc/keymaps/rc-avermedia.o
  CC      net/ipv4/netfilter/nf_nat_proto_sctp.o
  CC      net/key/af_key.o
  CC      drivers/media/rc/keymaps/rc-avermedia-cardbus.o
  CC      net/ipv4/netfilter/ip_tables.o
  CC      drivers/media/rc/keymaps/rc-avermedia-dvbt.o
  CC      net/ipv6/netfilter/ip6table_filter.o
  CC      drivers/media/rc/keymaps/rc-avermedia-m135a.o
  CC      drivers/media/rc/keymaps/rc-avermedia-m733a-rm-k6.o
  CC      drivers/media/rc/keymaps/rc-avermedia-rm-ks.o
  CC      drivers/media/rc/keymaps/rc-avertv-303.o
  CC      drivers/media/rc/keymaps/rc-azurewave-ad-tu700.o
  CC      net/ipv6/netfilter/ip6table_mangle.o
  CC      net/ipv4/netfilter/iptable_filter.o
  CC      drivers/media/rc/keymaps/rc-behold.o
  CC      drivers/media/rc/keymaps/rc-behold-columbus.o
  CC      net/ipv6/netfilter/ip6table_raw.o
  CC      drivers/media/rc/keymaps/rc-budget-ci-old.o
  LD      net/key/built-in.o
  CC      net/ipv6/netfilter/nf_conntrack_l3proto_ipv6.o
  CC      drivers/media/rc/keymaps/rc-cinergy-1400.o
  CC      net/ipv4/netfilter/iptable_mangle.o
  CC      drivers/media/rc/keymaps/rc-cinergy.o
  CC      net/ipv6/netfilter/nf_conntrack_proto_icmpv6.o
  CC      drivers/media/rc/keymaps/rc-dib0700-nec.o
  LD      net/ipv4/netfilter/iptable_nat.o
  CC      net/ipv4/netfilter/iptable_raw.o
  CC      drivers/media/rc/keymaps/rc-dib0700-rc5.o
  CC      drivers/media/video/v4l2-dev.o
  CC      drivers/media/rc/keymaps/rc-digitalnow-tinytwin.o
  CC      net/ipv6/netfilter/nf_defrag_ipv6_hooks.o
  CC      net/ipv4/netfilter/ipt_ah.o
  CC      drivers/media/rc/keymaps/rc-digittrade.o
  CC      net/ipv6/netfilter/nf_conntrack_reasm.o
  CC      net/ipv4/netfilter/ipt_ecn.o
  CC      drivers/media/video/v4l2-ioctl.o
  CC      drivers/media/rc/keymaps/rc-dm1105-nec.o
  CC      drivers/media/rc/keymaps/rc-dntv-live-dvb-t.o
  CC      net/ipv4/netfilter/ipt_LOG.o
  CC      net/ipv6/netfilter/ip6t_LOG.o
  CC      drivers/media/rc/keymaps/rc-dntv-live-dvbt-pro.o
  CC      drivers/media/rc/keymaps/rc-em-terratec.o
In file included from net/ipv4/netfilter/ipt_LOG.c:27:
include/net/netfilter/xt_log.h: In function 'sb_close':
include/net/netfilter/xt_log.h:50: warning: value computed is not used
  CC      net/ipv4/netfilter/ipt_MASQUERADE.o
  CC      drivers/media/rc/keymaps/rc-encore-enltv2.o
In file included from net/ipv6/netfilter/ip6t_LOG.c:26:
include/net/netfilter/xt_log.h: In function 'sb_close':
include/net/netfilter/xt_log.h:50: warning: value computed is not used
  CC      drivers/media/rc/keymaps/rc-encore-enltv.o
  CC      net/ipv6/netfilter/ip6t_REJECT.o
  CC      net/ipv4/netfilter/ipt_NETMAP.o
  CC      drivers/media/rc/keymaps/rc-encore-enltv-fm53.o
  CC      drivers/media/rc/keymaps/rc-evga-indtube.o
  CC      drivers/media/rc/keymaps/rc-eztv.o
  CC      net/ipv4/netfilter/ipt_REDIRECT.o
  CC      drivers/media/rc/keymaps/rc-flydvb.o
  LD      net/ipv6/netfilter/nf_conntrack_ipv6.o
  LD      net/ipv6/netfilter/nf_defrag_ipv6.o
  LD      net/ipv6/netfilter/built-in.o
  CC      net/ipv6/sit.o
  CC      drivers/media/rc/keymaps/rc-flyvideo.o
  CC      drivers/media/video/v4l2-device.o
  CC      net/ipv4/netfilter/ipt_REJECT.o
  CC      drivers/media/rc/keymaps/rc-fusionhdtv-mce.o
  CC      drivers/media/video/v4l2-fh.o
  CC      drivers/media/rc/keymaps/rc-gadmei-rm008z.o
  CC      drivers/media/video/v4l2-event.o
  CC      drivers/media/rc/keymaps/rc-genius-tvgo-a11mce.o
  CC      net/ipv4/netfilter/arp_tables.o
  CC      net/ipv6/ip6_tunnel.o
  CC      drivers/media/rc/keymaps/rc-gotview7135.o
  CC      drivers/media/video/v4l2-ctrls.o
  CC      drivers/media/rc/keymaps/rc-imon-mce.o
  CC      net/ipv4/netfilter/arpt_mangle.o
  CC      drivers/media/rc/keymaps/rc-imon-pad.o
  CC      net/ipv6/addrconf_core.o
  CC      drivers/media/rc/keymaps/rc-iodata-bctv7e.o
  CC      net/ipv4/netfilter/arptable_filter.o
  CC      drivers/media/rc/keymaps/rc-kaiomy.o
  CC      net/ipv6/exthdrs_core.o
  CC      drivers/media/video/v4l2-subdev.o
  LD      net/ipv4/netfilter/nf_conntrack_ipv4.o
  CC      drivers/media/rc/keymaps/rc-kworld-315u.o
  LD      net/ipv4/netfilter/nf_nat.o
  LD      net/ipv4/netfilter/built-in.o
  CC      net/ipv4/inet_diag.o
  CC      net/ipv6/inet6_hashtables.o
  CC      drivers/media/video/v4l2-int-device.o
  CC      drivers/media/rc/keymaps/rc-kworld-plus-tv-analog.o
  CC      drivers/media/rc/keymaps/rc-leadtek-y04g0051.o
  CC      drivers/media/video/v4l2-common.o
  CC      net/ipv4/tcp_diag.o
  LD      net/ipv6/ipv6.o
  CC      drivers/media/rc/keymaps/rc-lirc.o
  LD      net/ipv6/built-in.o
  CC      drivers/media/rc/keymaps/rc-lme2510.o
  CC      drivers/media/rc/rc-main.o
  CC      net/ipv4/tcp_cubic.o
  CC      drivers/media/rc/keymaps/rc-manli.o
  CC      drivers/media/video/ce147.o
  CC      drivers/media/rc/keymaps/rc-msi-digivox-ii.o
drivers/media/video/ce147.c: In function 'ce147_finish_auto_focus':
drivers/media/video/ce147.c:4159: warning: unused variable 'client'
drivers/media/video/ce147.c:4157: warning: unused variable 'err'
drivers/media/video/ce147.c: In function 'ce147_ctrl_get_menu':
drivers/media/video/ce147.c:4467: warning: return discards qualifiers from pointer target type
drivers/media/video/ce147.c: In function 'camtype_show':
drivers/media/video/ce147.c:5445: warning: ISO C90 forbids mixed declarations and code
drivers/media/video/ce147.c: In function 'ce147_remove':
drivers/media/video/ce147.c:5622: warning: unused variable 'state'
  CC      drivers/media/rc/keymaps/rc-msi-digivox-iii.o
  CC      net/ipv4/xfrm4_policy.o
  CC      net/ipv4/xfrm4_state.o
  CC      drivers/media/rc/keymaps/rc-msi-tvanywhere.o
  CC      drivers/media/rc/keymaps/rc-msi-tvanywhere-plus.o
  CC      drivers/media/rc/keymaps/rc-nebula.o
  CC      drivers/media/rc/keymaps/rc-nec-terratec-cinergy-xs.o
  CC      net/ipv4/xfrm4_input.o
  CC      net/ipv4/xfrm4_output.o
  CC      drivers/media/rc/keymaps/rc-norwood.o
  CC      drivers/media/video/s5ka3dfx.o
  CC      drivers/media/rc/keymaps/rc-npgtech.o
  CC      drivers/mfd/mfd-core.o
  CC      drivers/media/rc/keymaps/rc-pctv-sedna.o
  LD      net/ipv4/built-in.o
  CC      drivers/mfd/max8998.o
  CC      drivers/media/rc/keymaps/rc-pinnacle-color.o
  CC      net/netfilter/core.o
  LD      drivers/media/video/davinci/built-in.o
  LD      drivers/media/video/gspca/built-in.o
  CC [M]  drivers/media/video/gspca/gspca.o
  CC      drivers/media/rc/keymaps/rc-pinnacle-grey.o
  CC      drivers/mfd/max8998-irq.o
  CC      drivers/media/rc/keymaps/rc-pinnacle-pctv-hd.o
  CC      net/netfilter/nf_log.o
  LD      drivers/mfd/built-in.o
  CC      drivers/misc/uid_stat.o
  CC      drivers/media/rc/keymaps/rc-pixelview.o
  CC      drivers/media/rc/keymaps/rc-pixelview-mk12.o
  CC      net/netfilter/nf_queue.o
  LD      drivers/misc/carma/built-in.o
  LD [M]  drivers/media/video/gspca/gspca_main.o
  CC      drivers/media/rc/keymaps/rc-pixelview-002t.o
  CC      drivers/media/video/samsung/fimc/fimc_dev.o
  CC      drivers/media/rc/keymaps/rc-pixelview-new.o
  LD      drivers/misc/cb710/built-in.o
  CC      net/netfilter/nf_sockopt.o
  LD      drivers/misc/eeprom/built-in.o
  CC      drivers/media/rc/keymaps/rc-powercolor-real-angel.o
  LD      drivers/misc/lis3lv02d/built-in.o
  CC      drivers/misc/samsung_modemctl/modemctl/modemctl.o
  CC      drivers/media/rc/keymaps/rc-proteus-2309.o
  CC      net/netfilter/nf_conntrack_core.o
  LD      drivers/misc/samsung_modemctl/modemctl/built-in.o
  CC      drivers/misc/samsung_modemctl/onedram/onedram.o
  CC      drivers/media/rc/keymaps/rc-purpletv.o
  CC      drivers/media/video/samsung/fimc/fimc_v4l2.o
drivers/misc/samsung_modemctl/onedram/onedram.c:350: warning: 'old_clock' defined but not used
drivers/misc/samsung_modemctl/onedram/onedram.c:351: warning: 'old_mailbox' defined but not used
  CC      drivers/media/rc/keymaps/rc-pv951.o
  CC      drivers/media/rc/keymaps/rc-hauppauge.o
  LD      drivers/misc/samsung_modemctl/onedram/built-in.o
  CC      drivers/media/rc/keymaps/rc-rc6-mce.o
  CC      drivers/misc/samsung_modemctl/svnet/main.o
  CC      drivers/media/video/samsung/fimc/fimc_capture.o
  CC      drivers/media/rc/keymaps/rc-real-audio-220-32-keys.o
  CC      net/netfilter/nf_conntrack_standalone.o
drivers/media/video/samsung/fimc/fimc_capture.c: In function 'fimc_streamon_capture':
drivers/media/video/samsung/fimc/fimc_capture.c:1555: warning: ISO C90 forbids mixed declarations and code
drivers/misc/samsung_modemctl/svnet/main.c:136: warning: function declaration isn't a prototype
drivers/misc/samsung_modemctl/svnet/main.c:148: warning: function declaration isn't a prototype
  CC      drivers/media/rc/keymaps/rc-streamzap.o
  CC      drivers/media/rc/keymaps/rc-tbs-nec.o
  CC      drivers/misc/samsung_modemctl/svnet/pdp.o
  CC      net/netfilter/nf_conntrack_expect.o
  CC      drivers/media/rc/keymaps/rc-technisat-usb2.o
  CC      drivers/media/rc/keymaps/rc-terratec-cinergy-xs.o
  CC      drivers/media/rc/keymaps/rc-terratec-slim.o
drivers/misc/samsung_modemctl/svnet/pdp.c:45: warning: 'vnet_tx_timeout' defined but not used
  CC      drivers/media/video/samsung/fimc/fimc_output.o
  CC      drivers/media/rc/keymaps/rc-terratec-slim-2.o
  CC      net/netfilter/nf_conntrack_helper.o
  CC      drivers/misc/samsung_modemctl/svnet/sipc4.o
  CC      drivers/media/rc/keymaps/rc-tevii-nec.o
  CC      drivers/media/rc/keymaps/rc-tivo.o
  CC      drivers/media/rc/keymaps/rc-total-media-in-hand.o
  CC      net/netfilter/nf_conntrack_proto.o
  CC      drivers/media/rc/keymaps/rc-trekstor.o
drivers/misc/samsung_modemctl/svnet/sipc4.c:285: warning: '_get_msg_id' defined but not used
  CC      drivers/media/rc/keymaps/rc-tt-1500.o
  CC      net/netfilter/nf_conntrack_l3proto_generic.o
  CC      drivers/media/rc/keymaps/rc-twinhan1027.o
  CC      drivers/media/rc/keymaps/rc-videomate-m1f.o
  CC      drivers/media/rc/keymaps/rc-videomate-s350.o
  LD      drivers/misc/samsung_modemctl/svnet/svnet.o
  LD      drivers/misc/samsung_modemctl/svnet/built-in.o
  LD      drivers/misc/samsung_modemctl/built-in.o
  LD      drivers/misc/ti-st/built-in.o
  CC      drivers/misc/sec_jack.o
  CC      net/netfilter/nf_conntrack_proto_generic.o
  CC      drivers/media/video/samsung/fimc/fimc_overlay.o
  CC      drivers/media/rc/keymaps/rc-videomate-tv-pvr.o
  CC      drivers/media/rc/keymaps/rc-winfast.o
  CC      net/netfilter/nf_conntrack_proto_tcp.o
  CC      drivers/media/video/samsung/fimc/fimc_regs.o
  CC      drivers/misc/fsa9480.o
  CC      drivers/media/rc/keymaps/rc-winfast-usbii-deluxe.o
  LD      drivers/media/rc/keymaps/built-in.o
  CC      drivers/misc/custom_voltage.o
  CC      drivers/media/rc/ir-raw.o
  CC      drivers/misc/live_oc.o
  CC      net/netfilter/nf_conntrack_proto_udp.o
  LD      drivers/media/video/samsung/fimc/built-in.o
  CC      drivers/media/video/samsung/jpeg_v2/jpg_mem.o
  CC      drivers/media/rc/lirc_dev.o
  CC      drivers/misc/deep_idle.o
  CC      drivers/media/video/samsung/jpeg_v2/jpg_misc.o
  CC      drivers/misc/touch_wake.o
  CC      net/netfilter/nf_conntrack_extend.o
  CC      drivers/media/video/samsung/jpeg_v2/jpg_opr.o
  CC      drivers/media/rc/ir-nec-decoder.o
  CC      drivers/misc/bln.o
  CC      drivers/media/video/samsung/jpeg_v2/s3c-jpeg.o
  CC      net/netfilter/nf_conntrack_acct.o
  CC      drivers/media/rc/ir-rc5-decoder.o
  CC      drivers/misc/fsync_control.o
drivers/misc/fsync_control.c:19: warning: function declaration isn't a prototype
  LD      drivers/media/video/samsung/jpeg_v2/built-in.o
  LD      drivers/misc/built-in.o
  CC      drivers/media/video/samsung/mfc50/mfc.o
  CC      drivers/media/video/samsung/tv20/ddc.o
  CC      net/netfilter/nf_conntrack_ecache.o
  CC      drivers/media/rc/ir-rc6-decoder.o
drivers/media/video/samsung/tv20/ddc.c:109: warning: initialization from incompatible pointer type
drivers/media/video/samsung/mfc50/mfc.c: In function 'mfc_probe':
drivers/media/video/samsung/mfc50/mfc.c:692: warning: passing argument 2 of '__release_region' makes integer from pointer without a cast
include/linux/ioport.h:167: note: expected 'resource_size_t' but argument is of type 'struct resource *'
  CC      drivers/media/video/samsung/tv20/s5pv210/hdcp_s5pv210.o
drivers/media/video/samsung/tv20/s5pv210/hdcp_s5pv210.c:278: warning: 'write_ainfo' defined but not used
  CC      net/netfilter/nf_conntrack_h323_main.o
  CC      drivers/media/video/samsung/mfc50/mfc_buffer_manager.o
  CC      drivers/media/rc/ir-jvc-decoder.o
  CC      drivers/media/video/samsung/tv20/s5pv210/hdmi_s5pv210.o
drivers/media/video/samsung/tv20/s5pv210/hdmi_s5pv210.c: In function '__s5p_hdmi_phy_power':
drivers/media/video/samsung/tv20/s5pv210/hdmi_s5pv210.c:334: warning: ISO C90 forbids mixed declarations and code
  CC      drivers/media/rc/ir-sony-decoder.o
  CC      drivers/media/video/samsung/mfc50/mfc_intr.o
  CC      drivers/media/rc/ir-rc5-sz-decoder.o
  CC      drivers/media/video/samsung/tv20/s5pv210/sdout_s5pv210.o
  CC      drivers/media/video/samsung/mfc50/mfc_memory.o
  CC      drivers/media/rc/ir-lirc-codec.o
  CC      net/netfilter/nf_conntrack_h323_asn1.o
  CC      drivers/media/video/samsung/mfc50/mfc_opr.o
  CC      drivers/media/video/samsung/tv20/s5pv210/tv_power_s5pv210.o
  LD      drivers/media/rc/rc-core.o
  LD      drivers/media/rc/built-in.o
  CC      drivers/media/video/samsung/tv20/s5pv210/vmixer_s5pv210.o
  CC      net/netfilter/nfnetlink.o
  CC      net/netfilter/nfnetlink_queue.o
  CC      drivers/media/video/samsung/mfc50/mfc_shared_mem.o
  CC      drivers/media/video/samsung/tv20/s5pv210/vprocessor_s5pv210.o
  CC      drivers/media/video/samsung/tv20/s5p_stda_tvout_if.o
  LD      drivers/media/video/samsung/mfc50/built-in.o
  CC      drivers/media/video/samsung/tv20/s5p_stda_grp.o
  CC      net/netfilter/nfnetlink_log.o
  CC      drivers/media/video/samsung/tv20/s5p_stda_hdmi.o
  CC      lib/bcd.o
  LD      net/netfilter/nf_conntrack.o
  CC      lib/div64.o
  CC      drivers/mmc/card/block.o
  CC      lib/sort.o
  CC      drivers/media/video/samsung/tv20/s5p_stda_video_layer.o
  CC      net/netfilter/nf_conntrack_proto_dccp.o
  CC      lib/parser.o
  CC      lib/halfmd4.o
  CC      drivers/media/video/samsung/tv20/s5p_tv_v4l2.o
  CC      lib/debug_locks.o
  CC      net/netfilter/nf_conntrack_proto_gre.o
  CC      drivers/mmc/card/queue.o
  CC      lib/random32.o
  CC      lib/bust_spinlocks.o
  LD      drivers/mmc/card/mmc_block.o
  LD      drivers/mmc/card/built-in.o
  CC      net/netfilter/nf_conntrack_proto_sctp.o
  CC      lib/hexdump.o
  CC      drivers/media/video/samsung/tv20/s5p_tv_base.o
  CC      drivers/mmc/core/core.o
drivers/media/video/samsung/tv20/s5p_tv_base.c: In function 's5p_handle_cable':
drivers/media/video/samsung/tv20/s5p_tv_base.c:869: warning: ISO C90 forbids mixed declarations and code
drivers/media/video/samsung/tv20/s5p_tv_base.c: In function 's5p_tv_probe':
drivers/media/video/samsung/tv20/s5p_tv_base.c:983: warning: unused variable 'retval'
  CC      lib/kasprintf.o
  LD      drivers/media/video/samsung/tv20/s5p_tvout.o
  CC      lib/bitmap.o
  LD      drivers/media/video/samsung/tv20/built-in.o
  LD      drivers/media/video/samsung/built-in.o
  CC      net/netfilter/nf_conntrack_proto_udplite.o
  CC      drivers/media/video/ir-kbd-i2c.o
  CC      lib/scatterlist.o
  LD      drivers/media/video/videodev.o
  LD      drivers/media/video/built-in.o
  CC      drivers/mmc/core/bus.o
  LD      drivers/media/built-in.o
  CC      net/netfilter/nf_conntrack_netlink.o
  CC      net/netfilter/nf_conntrack_amanda.o
  CC      lib/string_helpers.o
  CC      drivers/mmc/core/host.o
  CC      drivers/mmc/core/mmc.o
  CC      lib/gcd.o
  CC      lib/lcm.o
  CC      net/netlink/af_netlink.o
  CC      lib/list_sort.o
  CC      lib/uuid.o
  CC      net/netfilter/nf_conntrack_ftp.o
  CC      drivers/mmc/core/mmc_ops.o
  CC      lib/flex_array.o
  CC      lib/bsearch.o
  CC      lib/find_last_bit.o
  CC      drivers/mmc/core/sd.o
  LD      net/netfilter/nf_conntrack_h323.o
  CC      net/netfilter/nf_conntrack_irc.o
  CC      lib/kstrtox.o
  CC      lib/iomap_copy.o
  CC      net/netlink/genetlink.o
  CC      drivers/mmc/core/sd_ops.o
  CC      lib/devres.o
  CC      net/netfilter/nf_conntrack_broadcast.o
  CC      lib/hweight.o
  CC      drivers/mmc/core/sdio.o
  CC      lib/bitrev.o
  CC      lib/crc-ccitt.o
  CC      net/netfilter/nf_conntrack_netbios_ns.o
  CC      lib/crc16.o
  CC      drivers/mmc/core/sdio_ops.o
  LD      net/netlink/built-in.o
  CC      drivers/mmc/core/sdio_bus.o
  CC      lib/crc32.o
  CC      drivers/mmc/core/sdio_cis.o
  CC      net/netfilter/nf_conntrack_pptp.o
  CC      drivers/mmc/core/sdio_io.o
  CC      lib/libcrc32c.o
  CC      lib/lzo/lzo1x_compress.o
  CC      lib/lzo/lzo1x_decompress.o
  CC      drivers/mmc/core/sdio_irq.o
  LD      lib/lzo/lzo_compress.o
  LD      lib/lzo/lzo_decompress.o
  CC      drivers/mtd/mtdcore.o
  LD      lib/lzo/built-in.o
  CC      lib/reed_solomon/reed_solomon.o
  CC      drivers/mmc/core/quirks.o
  CC      net/netfilter/nf_conntrack_sane.o
  CC      drivers/mmc/core/debugfs.o
  LD      lib/reed_solomon/built-in.o
  CC      lib/zlib_deflate/deflate.o
  CC      drivers/mtd/mtdsuper.o
  LD      drivers/mmc/core/mmc_core.o
  LD      drivers/mmc/core/built-in.o
  CC      drivers/mmc/host/sdhci.o
  CC      net/netfilter/nf_conntrack_tftp.o
  CC      drivers/mtd/mtdconcat.o
  CC      lib/zlib_deflate/deftree.o
drivers/mmc/host/sdhci.c: In function 'sdhci_adjust_cfg':
drivers/mmc/host/sdhci.c:1851: warning: unused variable 'clock'
drivers/mmc/host/sdhci.c:1850: warning: unused variable 'ios'
  CC      net/netfilter/nf_tproxy_core.o
  CC      net/netfilter/x_tables.o
  CC      drivers/mtd/mtdpart.o
  CC      lib/zlib_deflate/deflate_syms.o
  LD      lib/zlib_deflate/zlib_deflate.o
  LD      lib/zlib_deflate/built-in.o
  CC      lib/zlib_inflate/inffast.o
  CC      net/netfilter/xt_tcpudp.o
  CC      drivers/mmc/host/sdhci-s3c.o
  CC      lib/zlib_inflate/inflate.o
  CC      drivers/mtd/mtdchar.o
drivers/mmc/host/sdhci-s3c.c: In function 'sdhci_s3c_set_ios':
drivers/mmc/host/sdhci-s3c.c:147: warning: 'width' may be used uninitialized in this function
  CC      net/netfilter/xt_mark.o
  LD      drivers/mmc/host/built-in.o
  LD      drivers/mmc/built-in.o
  CC      drivers/mtd/mtd_blkdevs.o
  CC      drivers/mtd/mtdblock.o
  CC      net/netfilter/xt_connmark.o
  CC      lib/zlib_inflate/infutil.o
  CC      lib/zlib_inflate/inftrees.o
  CC      lib/zlib_inflate/inflate_syms.o
  CC      net/netfilter/xt_CLASSIFY.o
  CC      net/netfilter/xt_NFLOG.o
  LD      lib/zlib_inflate/zlib_inflate.o
  LD      lib/zlib_inflate/built-in.o
  CC      lib/textsearch.o
  CC      drivers/mtd/chips/chipreg.o
  CC      net/netfilter/xt_NFQUEUE.o
  CC      drivers/net/Space.o
  CC      lib/ts_kmp.o
  LD      drivers/mtd/chips/built-in.o
  LD      drivers/mtd/devices/built-in.o
  LD      drivers/mtd/lpddr/built-in.o
  LD      drivers/mtd/maps/built-in.o
  LD      drivers/mtd/nand/built-in.o
  CC      drivers/mtd/onenand/onenand_base.o
  CC      lib/ts_bm.o
  CC      drivers/net/loopback.o
  CC      net/netfilter/xt_TPROXY.o
  CC      lib/ts_fsm.o
  CC      lib/nlattr.o
  CC      drivers/net/ppp_generic.o
  CC      net/netfilter/xt_TRACE.o
  CC      lib/argv_split.o
  CC      drivers/mtd/onenand/onenand_bbt.o
  CC      net/netfilter/xt_comment.o
  CC      lib/cmdline.o
  CC      net/netfilter/xt_connbytes.o
  CC      lib/ctype.o
  CC      drivers/mtd/onenand/samsung.o
  CC      lib/dec_and_lock.o
  CC      net/netfilter/xt_connlimit.o
  CC      drivers/net/ppp_deflate.o
drivers/mtd/onenand/samsung.c:177: warning: 'part_probes' defined but not used
  CC      lib/decompress.o
  CC      lib/dump_stack.o
  LD      drivers/mtd/onenand/onenand.o
  LD      drivers/mtd/onenand/built-in.o
  CC      drivers/net/bsd_comp.o
  LD      drivers/mtd/tests/built-in.o
  CC      lib/extable.o
  LD      drivers/mtd/mtd.o
  CC      net/netfilter/xt_conntrack.o
  LD      drivers/mtd/built-in.o
  CC      drivers/net/ppp_mppe.o
  CC      lib/find_next_bit.o
  CC      lib/idr.o
  CC      net/netfilter/xt_hashlimit.o
  CC      drivers/net/pppox.o
  CC      lib/int_sqrt.o
  CC      net/packet/af_packet.o
  CC      lib/ioremap.o
  CC      drivers/net/pppolac.o
  CC      net/netfilter/xt_helper.o
  CC      lib/irq_regs.o
  CC      drivers/net/pppopns.o
  CC      lib/is_single_threaded.o
  CC      net/netfilter/xt_hl.o
net/packet/af_packet.c: In function 'tpacket_rcv':
net/packet/af_packet.c:817: warning: 'hdrlen' may be used uninitialized in this function
  CC      lib/klist.o
  CC      net/netfilter/xt_iprange.o
  LD      net/packet/built-in.o
  CC      net/netfilter/xt_length.o
  CC      lib/kobject.o
  CC      drivers/net/slhc.o
  CC      net/netfilter/xt_limit.o
  CC      lib/kobject_uevent.o
  CC      lib/kref.o
  CC      net/netfilter/xt_mac.o
  CC      net/netfilter/xt_pkttype.o
  CC      drivers/net/ifb.o
  CC      lib/md5.o
  LD      drivers/nfc/built-in.o
  CC      drivers/net/tun.o
  CC      net/netfilter/xt_policy.o
  CC      lib/memcopy.o
  CC      lib/plist.o
  CC      lib/prio_heap.o
  CC      lib/prio_tree.o
  CC      lib/proportions.o
  CC      net/phonet/pn_dev.o
  CC      net/netfilter/xt_qtaguid_print.o
  CC      lib/radix-tree.o
  LD      drivers/net/arm/built-in.o
  CC      net/netfilter/xt_qtaguid.o
  CC      lib/ratelimit.o
  CC      drivers/net/wireless/bcmdhd/aiutils.o
  CC      net/phonet/pn_netlink.o
  CC      lib/rbtree.o
  CC      lib/reciprocal_div.o
  CC      lib/rwsem-spinlock.o
  CC      net/phonet/socket.o
  CC      drivers/net/wireless/bcmdhd/bcmsdh_sdmmc_linux.o
  CC      lib/sha1.o
  CC      drivers/net/wireless/bcmdhd/dhd_linux.o
  CC      net/phonet/datagram.o
  CC      lib/show_mem.o
  CC      net/netfilter/xt_quota.o
  CC      net/phonet/sysctl.o
  CC      lib/string.o
  CC      net/phonet/af_phonet.o
  CC      net/netfilter/xt_quota2.o
  CC      lib/timerqueue.o
  CC      net/netfilter/xt_socket.o
  CC      lib/vsprintf.o
  CC      net/phonet/pep.o
  CC      net/netfilter/xt_state.o
  CC      net/phonet/pep-gprs.o
  CC      drivers/net/wireless/bcmdhd/siutils.o
  CC      net/netfilter/xt_statistic.o
  LD      lib/built-in.o
  AR      lib/lib.a
  CC      net/netfilter/xt_string.o
  CC      drivers/net/wireless/bcmdhd/bcmutils.o
  LD      net/phonet/phonet.o
  LD      net/phonet/pn_pep.o
  LD      net/phonet/built-in.o
  CC      net/netfilter/xt_time.o
  CC      net/rfkill/core.o
  LD      drivers/platform/built-in.o
  CC      net/netfilter/xt_u32.o
net/rfkill/core.c: In function 'rfkill_get_type_str':
net/rfkill/core.c:589: warning: control reaches end of non-void function
  CC      drivers/power/power_supply_core.o
  LD      net/netfilter/netfilter.o
  LD      net/netfilter/built-in.o
  CC      net/sched/sch_generic.o
  CC      drivers/net/wireless/bcmdhd/dhd_linux_sched.o
  CC      drivers/power/power_supply_sysfs.o
  CC      net/rfkill/input.o
  CC      drivers/power/max17040_battery.o
  LD      net/rfkill/rfkill.o
  LD      net/rfkill/built-in.o
  CC      net/unix/af_unix.o
drivers/power/max17040_battery.c:91: warning: 'max17040_write_reg' defined but not used
  CC      drivers/net/wireless/bcmdhd/bcmwifi.o
  CC      drivers/power/s5pc110_battery.o
  CC      net/sched/sch_mq.o
  CC      drivers/net/wireless/bcmdhd/dhd_sdio.o
drivers/power/s5pc110_battery.c: In function 's3c_bat_show_attrs':
drivers/power/s5pc110_battery.c:684: warning: unused variable 'value'
  CC      net/sched/sch_api.o
  LD      drivers/power/power_supply.o
  LD      drivers/power/built-in.o
  CC      drivers/regulator/core.o
  CC      net/unix/garbage.o
  CC      net/unix/sysctl_net_unix.o
  LD      net/unix/unix.o
  LD      net/unix/built-in.o
  CC      net/sched/sch_blackhole.o
  CC      net/wireless/core.o
  CC      drivers/regulator/dummy.o
  CC      net/sched/cls_api.o
  CC      drivers/regulator/max8998.o
  CC      net/wireless/sysfs.o
  LD      drivers/regulator/built-in.o
  CC      drivers/rtc/rtc-lib.o
  CC      net/sched/act_api.o
  CC      net/wireless/radiotap.o
  CC      drivers/rtc/hctosys.o
  CC      drivers/rtc/class.o
  CC      net/wireless/util.o
  CC      drivers/net/wireless/bcmdhd/bcmevent.o
  CC      drivers/rtc/interface.o
  CC      net/sched/act_police.o
  CC      drivers/net/wireless/bcmdhd/dhd_bta.o
  CC      net/wireless/reg.o
  CC      drivers/rtc/rtc-dev.o
  CC      net/sched/act_gact.o
  CC      drivers/rtc/rtc-proc.o
  CC      drivers/net/wireless/bcmdhd/hndpmu.o
  CC      net/sched/act_mirred.o
  CC      drivers/rtc/rtc-sysfs.o
  CC      net/wireless/scan.o
  CC      drivers/net/wireless/bcmdhd/bcmsdh.o
  CC      net/sched/sch_fifo.o
  CC      drivers/rtc/alarm.o
  CC      net/wireless/nl80211.o
  CC      drivers/net/wireless/bcmdhd/dhd_cdc.o
  CC      net/sched/sch_htb.o
  CC      drivers/rtc/alarm-dev.o
  CC      drivers/net/wireless/bcmdhd/bcmsdh_linux.o
  CC      drivers/rtc/rtc-max8998.o
  CC      drivers/rtc/rtc-s3c.o
  CC      drivers/net/wireless/bcmdhd/dhd_common.o
drivers/rtc/rtc-s3c.c: In function 's3c_rtc_probe':
drivers/rtc/rtc-s3c.c:524: warning: unused variable 'rtc_tm'
  CC      net/sched/sch_ingress.o
  LD      drivers/rtc/rtc-core.o
  LD      drivers/rtc/built-in.o
  CC      drivers/scsi/scsi.o
  CC      net/sched/cls_u32.o
  CC      drivers/scsi/hosts.o
  CC      net/sched/ematch.o
  CC      drivers/scsi/scsi_ioctl.o
  CC      net/sched/em_u32.o
  CC      drivers/scsi/constants.o
  LD      net/sched/built-in.o
  CC      drivers/net/wireless/bcmdhd/linux_osl.o
  CC      net/xfrm/xfrm_policy.o
  CC      drivers/scsi/scsicam.o
  CC      net/wireless/mlme.o
  CC      drivers/net/wireless/bcmdhd/bcmsdh_sdmmc.o
net/xfrm/xfrm_policy.c: In function 'xfrm_policy_register_afinfo':
net/xfrm/xfrm_policy.c:2445: warning: 'xfrm_dst_ops' may be used uninitialized in this function
  CC      drivers/scsi/scsi_error.o
  CC      net/xfrm/xfrm_state.o
  CC      drivers/net/wireless/bcmdhd/dhd_custom_gpio.o
  CC      net/wireless/ibss.o
  CC      drivers/scsi/scsi_lib.o
  CC      net/wireless/sme.o
  CC      drivers/net/wireless/bcmdhd/sbutils.o
  CC      net/wireless/chan.o
  CC      net/xfrm/xfrm_hash.o
  CC      net/xfrm/xfrm_input.o
  CC      net/wireless/ethtool.o
  CC      drivers/net/wireless/bcmdhd/wldev_common.o
  CC      drivers/scsi/scsi_lib_dma.o
  CC      net/xfrm/xfrm_output.o
  CC      net/wireless/mesh.o
  CC      drivers/scsi/scsi_scan.o
  CC      drivers/net/wireless/bcmdhd/wl_android.o
  CC      net/xfrm/xfrm_algo.o
  LD      net/wireless/cfg80211.o
  LD      net/wireless/built-in.o
  CC      net/xfrm/xfrm_sysctl.o
  CC      drivers/net/wireless/bcmdhd/wl_cfg80211.o
  CC      drivers/scsi/scsi_sysfs.o
  CC      drivers/scsi/scsi_devinfo.o
  CC      net/xfrm/xfrm_replay.o
  CC      net/xfrm/xfrm_ipcomp.o
  CC      drivers/scsi/scsi_sysctl.o
  CC      drivers/scsi/scsi_proc.o
  CC      drivers/spi/spi.o
  CC      drivers/scsi/scsi_trace.o
  LD      net/xfrm/built-in.o
  CC      net/sysctl_net.o
  CC      drivers/spi/spi_bitbang.o
  CC      drivers/scsi/scsi_pm.o
  CC      net/activity_stats.o
  CC      drivers/spi/spi_gpio.o
  CC      drivers/scsi/sd.o
  LD      net/built-in.o
  LD      drivers/spi/built-in.o
  CC      drivers/staging/staging.o
  CC      drivers/staging/android/binder.o
  LD      drivers/staging/generic_serial/built-in.o
  LD      drivers/staging/tty/built-in.o
  CC      drivers/net/wireless/bcmdhd/wl_cfgp2p.o
  CC      drivers/net/wireless/bcmdhd/dhd_linux_mon.o
  LD      drivers/scsi/arm/built-in.o
  LD      drivers/scsi/sd_mod.o
  CC      drivers/switch/switch_class.o
  CC      drivers/scsi/sg.o
  LD      drivers/switch/built-in.o
  CC      drivers/staging/android/logger.o
  CC      drivers/tty/tty_io.o
  LD      drivers/net/wireless/bcmdhd/bcmdhd.o
  LD      drivers/net/wireless/bcmdhd/built-in.o
  LD      drivers/net/wireless/built-in.o
  LD      drivers/net/built-in.o
  CC      drivers/tty/n_tty.o
  CC      drivers/staging/android/ram_console.o
  CC      drivers/staging/android/timed_output.o
  CC [M]  drivers/scsi/scsi_wait_scan.o
  CC      drivers/staging/android/timed_gpio.o
  LD      drivers/scsi/scsi_mod.o
  LD      drivers/scsi/built-in.o
  CC      drivers/usb/class/cdc-acm.o
  CC      drivers/staging/android/lowmemorykiller.o
  CC      drivers/tty/tty_ioctl.o
  CC      drivers/usb/core/usb.o
  LD      drivers/staging/android/built-in.o
  LD      drivers/staging/built-in.o
  CC      drivers/usb/core/hub.o
  CC      drivers/usb/gadget/s3c_udc_otg.o
  LD      drivers/usb/class/built-in.o
  CC      drivers/usb/gadget/android.o
  CC      drivers/tty/tty_ldisc.o
  CC      drivers/tty/tty_buffer.o
  CC      drivers/video/fb_notify.o
  CC      drivers/usb/core/hcd.o
  CC      drivers/tty/tty_port.o
  CC      drivers/video/fbmem.o
  CC      drivers/tty/tty_mutex.o
  CC      drivers/tty/pty.o
  CC      drivers/usb/core/urb.o
  CC      drivers/video/fbmon.o
  CC      drivers/tty/sysrq.o
  CC      drivers/video/fbcmap.o
  CC      drivers/usb/core/message.o
  CC      drivers/video/fbsysfs.o
  LD      drivers/tty/ipwireless/built-in.o
  CC      drivers/tty/serial/serial_core.o
  CC      drivers/video/modedb.o
  CC      drivers/usb/core/driver.o
  CC      drivers/tty/serial/samsung.o
  CC      drivers/video/fbcvt.o
  CC      drivers/usb/core/config.o
  CC      drivers/video/backlight/lcd.o
  LD      drivers/usb/gadget/g_android.o
  LD      drivers/usb/gadget/built-in.o
  CC      drivers/video/backlight/backlight.o
  CC      drivers/tty/serial/s5pv210.o
  CC      drivers/video/console/dummycon.o
  LD      drivers/video/backlight/built-in.o
  CC      drivers/usb/core/file.o
  CC      drivers/usb/core/buffer.o
  LD      drivers/tty/serial/built-in.o
  CC      drivers/tty/vt/vt_ioctl.o
  LD      drivers/video/console/built-in.o
  LD      drivers/video/display/built-in.o
  LD      drivers/video/omap2/displays/built-in.o
  LD      drivers/video/omap2/built-in.o
  CC      drivers/video/samsung/s3cfb.o
  CC      drivers/video/cfbfillrect.o
  CC      drivers/usb/core/sysfs.o
  CC      drivers/usb/core/endpoint.o
  CC      drivers/video/samsung/s3cfb_fimd6x.o
  CC      drivers/usb/core/devio.o
  CC      drivers/tty/vt/vc_screen.o
drivers/video/samsung/s3cfb_fimd6x.c: In function 's3cfb_set_alpha_value_width':
drivers/video/samsung/s3cfb_fimd6x.c:625: warning: control reaches end of non-void function
  CC      drivers/video/samsung/s3cfb_tl2796.o
  CC      drivers/tty/vt/selection.o
  CC      drivers/usb/core/notify.o
drivers/video/samsung/s3cfb.c:206: warning: 's3cfb_map_default_video_memory' defined but not used
drivers/video/samsung/s3cfb_tl2796.c:365: warning: 'print_decoded_commands' defined but not used
  CC      drivers/usb/core/generic.o
  CC      drivers/tty/vt/keyboard.o
  CC      drivers/tty/vt/consolemap.o
  CC      drivers/usb/core/quirks.o
  CC      drivers/tty/vt/consolemap_deftbl.o
  CC      drivers/tty/vt/vt.o
  CC      drivers/usb/core/devices.o
  CC      drivers/usb/host/s3c-otg/s3c-otg-hcdi-driver.o
  CC      drivers/video/samsung/s3cfb_mdnie.o
  LD      drivers/usb/core/usbcore.o
  LD      drivers/usb/core/built-in.o
  LD      drivers/usb/misc/built-in.o
  CC      drivers/usb/serial/usb-serial.o
  CC      drivers/usb/host/s3c-otg/s3c-otg-hcdi-hcd.o
drivers/video/samsung/s3cfb_mdnie.c: In function 'mdnieset_ui_file_cmd_show':
drivers/video/samsung/s3cfb_mdnie.c:616: warning: ISO C90 forbids mixed declarations and code
  CC      drivers/video/samsung/s3cfb_ielcd.o
  LD      drivers/video/samsung/built-in.o
  CC      drivers/video/cfbcopyarea.o
  CC      drivers/usb/host/s3c-otg/s3c-otg-transfer-common.o
  CC      drivers/video/cfbimgblt.o
  CC      drivers/usb/serial/generic.o
  CC      drivers/usb/host/s3c-otg/s3c-otg-transfer-nonperiodic.o
  CC      drivers/tty/vt/defkeymap.o
  LD      drivers/video/fb.o
  LD      drivers/video/built-in.o
  CC      drivers/usb/serial/bus.o
  CC      drivers/usb/host/s3c-otg/s3c-otg-transfer-periodic.o
  LD      drivers/tty/vt/built-in.o
  LD      drivers/tty/built-in.o
  CC      drivers/usb/host/s3c-otg/s3c-otg-scheduler-ischeduler.o
  CC      drivers/usb/serial/console.o
  CC      drivers/usb/storage/scsiglue.o
  CC      drivers/usb/host/s3c-otg/s3c-otg-scheduler-scheduler.o
  CC      drivers/usb/storage/protocol.o
  CC      drivers/usb/serial/ftdi_sio.o
  CC      drivers/usb/host/s3c-otg/s3c-otg-scheduler-readyq.o
  CC      drivers/usb/host/s3c-otg/s3c-otg-oci.o
  CC      drivers/usb/storage/transport.o
  CC      drivers/usb/storage/usb.o
  CC      drivers/usb/host/s3c-otg/s3c-otg-transferchecker-common.o
  CC      drivers/usb/host/s3c-otg/s3c-otg-transferchecker-control.o
  LD      drivers/usb/serial/usbserial.o
  LD      drivers/usb/serial/built-in.o
  CC      drivers/usb/storage/initializers.o
  CC      drivers/usb/storage/sierra_ms.o
  CC      drivers/usb/host/s3c-otg/s3c-otg-transferchecker-bulk.o
  CC      drivers/usb/storage/option_ms.o
  CC      drivers/usb/storage/usual-tables.o
  CC      drivers/usb/host/s3c-otg/s3c-otg-transferchecker-interrupt.o
  CC      drivers/usb/host/s3c-otg/s3c-otg-isr.o
  CC      drivers/usb/host/s3c-otg/s3c-otg-roothub.o
  LD      drivers/usb/storage/usb-storage.o
  LD      drivers/usb/storage/built-in.o
  LD      drivers/usb/host/s3c-otg/s3c_otg_hcd.o
  LD      drivers/usb/host/s3c-otg/built-in.o
  LD      drivers/usb/host/built-in.o
  LD      drivers/usb/built-in.o
  LD      drivers/built-in.o
  LD      vmlinux.o
  MODPOST vmlinux.o
WARNING: modpost: Found 6 section mismatch(es).
To see full details build your kernel with:
'make CONFIG_DEBUG_SECTION_MISMATCH=y'
  GEN     .version
  CHK     include/generated/compile.h
  UPD     include/generated/compile.h
  CC      init/version.o
  LD      init/built-in.o
  LD      vmlinux
  SYSMAP  System.map
  OBJCOPY arch/arm/boot/Image
  Building modules, stage 2.
  MODPOST 4 modules
  Kernel: arch/arm/boot/Image is ready
  AS      arch/arm/boot/compressed/head.o
[: 1: Linux: unexpected operator
[: 1: Linux: unexpected operator
[: 1: Linux: unexpected operator
[: 1: Linux: unexpected operator
  XZKERN  arch/arm/boot/compressed/piggy.xzkern
  CC      arch/arm/boot/compressed/misc.o
  CC      arch/arm/boot/compressed/decompress.o
In file included from arch/arm/plat-samsung/include/plat/uncompress.h:30,
                 from arch/arm/mach-s5pv210/include/mach/uncompress.h:17,
                 from arch/arm/boot/compressed/misc.c:33:
arch/arm/plat-samsung/include/plat/regs-serial.h:284: warning: 'struct uart_port' declared inside parameter list
arch/arm/plat-samsung/include/plat/regs-serial.h:284: warning: its scope is only this definition or declaration, which is probably not what you want
  CC      drivers/media/video/gspca/gspca_main.mod.o
  SHIPPED arch/arm/boot/compressed/lib1funcs.S
  SHIPPED arch/arm/boot/compressed/ashldi3.S
  CC      drivers/scsi/scsi_wait_scan.mod.o
  CC      fs/cifs/cifs.mod.o
  CC      fs/fuse/fuse.mod.o
  LD [M]  drivers/media/video/gspca/gspca_main.ko
  LD [M]  drivers/scsi/scsi_wait_scan.ko
  LD [M]  fs/cifs/cifs.ko
  AS      arch/arm/boot/compressed/lib1funcs.o
  LD [M]  fs/fuse/fuse.ko
  AS      arch/arm/boot/compressed/ashldi3.o
  AS      arch/arm/boot/compressed/piggy.xzkern.o
  LD      arch/arm/boot/compressed/vmlinux
  OBJCOPY arch/arm/boot/zImage
  Kernel: arch/arm/boot/zImage is ready
